Using pre-set license
Built from '2020.3/staging' branch; Version is '2020.3.4f1 (0abb6314276a) revision 703331'; Using compiler version '192528614'; Build Type 'Release'
OS: 'Windows 10 Home Single Language; OS build 19042.1110; Version 2009; 64bit' Language: 'ru' Physical Memory: 8026 MB
BatchMode: 1, IsHumanControllingUs: 0, StartBugReporterOnCrash: 0, Is64bit: 1, IsPro: 0

 COMMAND LINE ARGUMENTS:
C:\Games\UnityEditors\2020.3.4f1\Editor\Unity.exe
-adb2
-batchMode
-noUpm
-name
AssetImportWorker0
-projectPath
C:/Projects/BasePlatformer
-logFile
Logs/AssetImportWorker0.log
-srvPort
56183
Successfully changed project path to: C:/Projects/BasePlatformer
C:/Projects/BasePlatformer
Using Asset Import Pipeline V2.
Refreshing native plugins compatible for Editor in 44.88 ms, found 1 plugins.
Preloading 0 native plugins for Editor in 0.00 ms.
Initialize engine version: 2020.3.4f1 (0abb6314276a)
[Subsystems] Discovering subsystems at path C:/Games/UnityEditors/2020.3.4f1/Editor/Data/Resources/UnitySubsystems
[Subsystems] Discovering subsystems at path C:/Projects/BasePlatformer/Assets
GfxDevice: creating device client; threaded=0
Direct3D:
    Version:  Direct3D 11.0 [level 11.1]
    Renderer: NVIDIA GeForce MX150 (ID=0x1d10)
    Vendor:   
    VRAM:     4027 MB
    Driver:   27.21.14.6280
Initialize mono
Mono path[0] = 'C:/Games/UnityEditors/2020.3.4f1/Editor/Data/Managed'
Mono path[1] = 'C:/Games/UnityEditors/2020.3.4f1/Editor/Data/MonoBleedingEdge/lib/mono/unityjit'
Mono config path = 'C:/Games/UnityEditors/2020.3.4f1/Editor/Data/MonoBleedingEdge/etc'
Using monoOptions --debugger-agent=transport=dt_socket,embedding=1,server=y,suspend=n,address=127.0.0.1:56316
Begin MonoManager ReloadAssembly
Registering precompiled unity dll's ...
Register platform support module: C:/Games/UnityEditors/2020.3.4f1/Editor/Data/PlaybackEngines/WindowsStandaloneSupport/UnityEditor.WindowsStandalone.Extensions.dll
Registered in 0.002427 seconds.
Native extension for WindowsStandalone target not found
Refreshing native plugins compatible for Editor in 43.53 ms, found 1 plugins.
Preloading 0 native plugins for Editor in 0.00 ms.
Mono: successfully reloaded assembly
- Completed reload, in  1.176 seconds
Platform modules already initialized, skipping
Registering precompiled user dll's ...
Registered in 0.001125 seconds.
Begin MonoManager ReloadAssembly
Native extension for WindowsStandalone target not found
Refreshing native plugins compatible for Editor in 46.56 ms, found 1 plugins.
Preloading 0 native plugins for Editor in 0.00 ms.
Mono: successfully reloaded assembly
- Completed reload, in  1.056 seconds
Platform modules already initialized, skipping
========================================================================
Worker process is ready to serve import requests
Launched and connected shader compiler UnityShaderCompiler.exe after 0.07 seconds
Refreshing native plugins compatible for Editor in 0.41 ms, found 1 plugins.
Preloading 0 native plugins for Editor in 0.00 ms.
Unloading 1838 Unused Serialized files (Serialized files now loaded: 0)
System memory in use before: 85.5 MB.
System memory in use after: 85.6 MB.

Unloading 19 unused Assets to reduce memory usage. Loaded Objects now: 2286.
Total: 2.199900 ms (FindLiveObjects: 0.234700 ms CreateObjectMapping: 0.061100 ms MarkObjects: 1.809200 ms  DeleteObjects: 0.094000 ms)

========================================================================
Received Import Request.
  path: Assets/Scenes/town.unity
  artifactKey: Guid(d6000d9b95f3eef42b3a7bc3be87c7f7) Importer(815301076,1909f56bfc062723c751e8b465ee728b)
Start importing Assets/Scenes/town.unity using Guid(d6000d9b95f3eef42b3a7bc3be87c7f7) Importer(815301076,1909f56bfc062723c751e8b465ee728b)  -> (artifact id: '1b3cee27a2dae9a51f69e4739e3c39c3') in 0.019376 seconds
  Import took 0.023203 seconds .

========================================================================
Received Prepare
Registering precompiled user dll's ...
Registered in 0.001329 seconds.
Begin MonoManager ReloadAssembly
Native extension for WindowsStandalone target not found
Refreshing native plugins compatible for Editor in 0.38 ms, found 1 plugins.
Preloading 0 native plugins for Editor in 0.00 ms.
Mono: successfully reloaded assembly
- Completed reload, in  0.934 seconds
Platform modules already initialized, skipping
Refreshing native plugins compatible for Editor in 0.39 ms, found 1 plugins.
Preloading 0 native plugins for Editor in 0.00 ms.
Unloading 1829 Unused Serialized files (Serialized files now loaded: 0)
System memory in use before: 85.1 MB.
System memory in use after: 85.2 MB.

Unloading 8 unused Assets to reduce memory usage. Loaded Objects now: 2289.
Total: 2.560800 ms (FindLiveObjects: 0.287600 ms CreateObjectMapping: 0.067100 ms MarkObjects: 2.171600 ms  DeleteObjects: 0.033400 ms)

========================================================================
Received Import Request.
  Time since last request: 55.806103 seconds.
  path: Assets/Scriptable/At B.asset
  artifactKey: Guid(c30e42896faffc64b9eba2b7bf39f0c8) Importer(815301076,1909f56bfc062723c751e8b465ee728b)
Start importing Assets/Scriptable/At B.asset using Guid(c30e42896faffc64b9eba2b7bf39f0c8) Importer(815301076,1909f56bfc062723c751e8b465ee728b)  -> (artifact id: 'cfbcb6c2a3f649b70f29857f3203b9f6') in 0.069922 seconds
  Import took 0.073914 seconds .

========================================================================
Received Import Request.
  Time since last request: 0.000374 seconds.
  path: Assets/Scriptable/At E.asset
  artifactKey: Guid(2628c440d555b0748a5d90e6afe00a20) Importer(815301076,1909f56bfc062723c751e8b465ee728b)
Start importing Assets/Scriptable/At E.asset using Guid(2628c440d555b0748a5d90e6afe00a20) Importer(815301076,1909f56bfc062723c751e8b465ee728b)  -> (artifact id: '99be4d72820f2f0e70ed191c010d763c') in 0.008901 seconds
  Import took 0.012927 seconds .

========================================================================
Received Import Request.
  Time since last request: 0.000231 seconds.
  path: Assets/Scriptable/D hi.asset
  artifactKey: Guid(5d49a71b3ac3be14a8d23969889ddd50) Importer(815301076,1909f56bfc062723c751e8b465ee728b)
Start importing Assets/Scriptable/D hi.asset using Guid(5d49a71b3ac3be14a8d23969889ddd50) Importer(815301076,1909f56bfc062723c751e8b465ee728b)  -> (artifact id: 'd120282555d772765cb8c579c04865fa') in 0.010629 seconds
  Import took 0.015481 seconds .

========================================================================
Received Import Request.
  Time since last request: 0.000493 seconds.
  path: Assets/Scriptable/At No.asset
  artifactKey: Guid(ddaa8ec66c188404484f30b1a1c75b0b) Importer(815301076,1909f56bfc062723c751e8b465ee728b)
Start importing Assets/Scriptable/At No.asset using Guid(ddaa8ec66c188404484f30b1a1c75b0b) Importer(815301076,1909f56bfc062723c751e8b465ee728b)  -> (artifact id: '17e69572b6f9c3a6ac1ae4e0c5ce04c1') in 0.011306 seconds
  Import took 0.016088 seconds .

========================================================================
Received Import Request.
  Time since last request: 0.000296 seconds.
  path: Assets/Scriptable/Ph St.asset
  artifactKey: Guid(43b7dcd150020da4aae9bc0da7fe63c8) Importer(815301076,1909f56bfc062723c751e8b465ee728b)
Start importing Assets/Scriptable/Ph St.asset using Guid(43b7dcd150020da4aae9bc0da7fe63c8) Importer(815301076,1909f56bfc062723c751e8b465ee728b)  -> (artifact id: 'e00c33ff2a30f725f159f147e27177d1') in 0.010742 seconds
  Import took 0.015521 seconds .

========================================================================
Received Import Request.
  Time since last request: 0.000431 seconds.
  path: Assets/Scriptable/Ch E.asset
  artifactKey: Guid(3900547283e6ae74397c50317a672083) Importer(815301076,1909f56bfc062723c751e8b465ee728b)
Start importing Assets/Scriptable/Ch E.asset using Guid(3900547283e6ae74397c50317a672083) Importer(815301076,1909f56bfc062723c751e8b465ee728b)  -> (artifact id: '080246423b1251eccabe433385f38bd0') in 0.011085 seconds
  Import took 0.016665 seconds .

========================================================================
Received Import Request.
  Time since last request: 0.000285 seconds.
  path: Assets/Scriptable/Ch E G.asset
  artifactKey: Guid(da83ffc12ba14504a880990148151577) Importer(815301076,1909f56bfc062723c751e8b465ee728b)
Start importing Assets/Scriptable/Ch E G.asset using Guid(da83ffc12ba14504a880990148151577) Importer(815301076,1909f56bfc062723c751e8b465ee728b)  -> (artifact id: 'd8b153efb1ebc56cf28e9f1951842e51') in 0.011309 seconds
  Import took 0.015677 seconds .

========================================================================
Received Import Request.
  Time since last request: 0.000287 seconds.
  path: Assets/Scriptable/Ph B.asset
  artifactKey: Guid(ff8dbc764315dc64197d6144788da985) Importer(815301076,1909f56bfc062723c751e8b465ee728b)
Start importing Assets/Scriptable/Ph B.asset using Guid(ff8dbc764315dc64197d6144788da985) Importer(815301076,1909f56bfc062723c751e8b465ee728b)  -> (artifact id: 'df4691230268964280006521f8a9bcc1') in 0.010944 seconds
  Import took 0.016251 seconds .

========================================================================
Received Import Request.
  Time since last request: 0.000343 seconds.
  path: Assets/Scriptable/Ch Immune.asset
  artifactKey: Guid(459627daee1ce7c4da062fb8502c55bc) Importer(815301076,1909f56bfc062723c751e8b465ee728b)
Start importing Assets/Scriptable/Ch Immune.asset using Guid(459627daee1ce7c4da062fb8502c55bc) Importer(815301076,1909f56bfc062723c751e8b465ee728b)  -> (artifact id: '09883afeb2fb7803299117506eb94a7f') in 0.010749 seconds
  Import took 0.015508 seconds .

========================================================================
Received Import Request.
  Time since last request: 0.000603 seconds.
  path: Assets/Scriptable/Ph E.asset
  artifactKey: Guid(eff5de2d7323ca24cb64e108678c1bfa) Importer(815301076,1909f56bfc062723c751e8b465ee728b)
Start importing Assets/Scriptable/Ph E.asset using Guid(eff5de2d7323ca24cb64e108678c1bfa) Importer(815301076,1909f56bfc062723c751e8b465ee728b)  -> (artifact id: '135575942e75b0f0f0a19d189a78c2fb') in 0.011277 seconds
  Import took 0.015934 seconds .

========================================================================
Received Import Request.
  Time since last request: 0.000490 seconds.
  path: Assets/Scriptable/Ph P.asset
  artifactKey: Guid(726e9b18726fd2f49a3dabf4b23f731f) Importer(815301076,1909f56bfc062723c751e8b465ee728b)
Start importing Assets/Scriptable/Ph P.asset using Guid(726e9b18726fd2f49a3dabf4b23f731f) Importer(815301076,1909f56bfc062723c751e8b465ee728b)  -> (artifact id: '3288ff2effa5edc137b20c0d79b1fa03') in 0.010516 seconds
  Import took 0.015030 seconds .

========================================================================
Received Import Request.
  Time since last request: 0.000380 seconds.
  path: Assets/Scriptable/At P.asset
  artifactKey: Guid(3f0d6e47d8d50a449958e52fc822ca72) Importer(815301076,1909f56bfc062723c751e8b465ee728b)
Start importing Assets/Scriptable/At P.asset using Guid(3f0d6e47d8d50a449958e52fc822ca72) Importer(815301076,1909f56bfc062723c751e8b465ee728b)  -> (artifact id: '97f790856086d3d8c8aedcc4bdb9d880') in 0.009428 seconds
  Import took 0.014674 seconds .

========================================================================
Received Import Request.
  Time since last request: 0.000343 seconds.
  path: Assets/Scriptable/At R E B.asset
  artifactKey: Guid(4656ea095f0e30c44bd73ce79790fbc1) Importer(815301076,1909f56bfc062723c751e8b465ee728b)
Start importing Assets/Scriptable/At R E B.asset using Guid(4656ea095f0e30c44bd73ce79790fbc1) Importer(815301076,1909f56bfc062723c751e8b465ee728b)  -> (artifact id: '99c1230956e79bb273a409b39f32e6a5') in 0.014644 seconds
  Import took 0.019626 seconds .

========================================================================
Received Import Request.
  Time since last request: 191.357680 seconds.
  path: Assets/Scriptable/Dialog.cs
  artifactKey: Guid(2eef70255b89f7a4a8ce45fde1a5d98c) Importer(815301076,1909f56bfc062723c751e8b465ee728b)
Start importing Assets/Scriptable/Dialog.cs using Guid(2eef70255b89f7a4a8ce45fde1a5d98c) Importer(815301076,1909f56bfc062723c751e8b465ee728b)  -> (artifact id: '99a92583324cc86bc38ba65c10700c10') in 0.025982 seconds
  Import took 0.030063 seconds .

========================================================================
Received Import Request.
  Time since last request: 0.002465 seconds.
  path: Assets/Scriptable/Dialog.cs
  artifactKey: Guid(2eef70255b89f7a4a8ce45fde1a5d98c) Importer(815301076,1909f56bfc062723c751e8b465ee728b)
Start importing Assets/Scriptable/Dialog.cs using Guid(2eef70255b89f7a4a8ce45fde1a5d98c) Importer(815301076,1909f56bfc062723c751e8b465ee728b)  -> (artifact id: '99a92583324cc86bc38ba65c10700c10') in 0.002632 seconds
  Import took 0.006988 seconds .

========================================================================
Received Import Request.
  Time since last request: 145.323796 seconds.
  path: Assets/Scriptable/Dialog.cs
  artifactKey: Guid(2eef70255b89f7a4a8ce45fde1a5d98c) Importer(815301076,1909f56bfc062723c751e8b465ee728b)
Start importing Assets/Scriptable/Dialog.cs using Guid(2eef70255b89f7a4a8ce45fde1a5d98c) Importer(815301076,1909f56bfc062723c751e8b465ee728b)  -> (artifact id: '7cbbe684a7253dd854e1a5751e37ce35') in 0.004006 seconds
  Import took 0.008470 seconds .

========================================================================
Received Import Request.
  Time since last request: 4.886236 seconds.
  path: Assets/Scriptable
  artifactKey: Guid(b92776c0f06df6449b19e7761e052591) Importer(815301076,1909f56bfc062723c751e8b465ee728b)
Start importing Assets/Scriptable using Guid(b92776c0f06df6449b19e7761e052591) Importer(815301076,1909f56bfc062723c751e8b465ee728b)  -> (artifact id: '91f41108ffae2f4ff54875b84d01a4bf') in 0.013841 seconds
  Import took 0.018137 seconds .

========================================================================
Received Import Request.
  Time since last request: 6.493894 seconds.
  path: Assets/Scriptable/Dialog
  artifactKey: Guid(b0d9169a3e7487a468ee5bb75b2305c9) Importer(815301076,1909f56bfc062723c751e8b465ee728b)
Start importing Assets/Scriptable/Dialog using Guid(b0d9169a3e7487a468ee5bb75b2305c9) Importer(815301076,1909f56bfc062723c751e8b465ee728b)  -> (artifact id: 'fff68cd7f11b5166a8fe0c1272715d87') in 0.004967 seconds
  Import took 0.009562 seconds .

========================================================================
Received Import Request.
  Time since last request: 17.130997 seconds.
  path: Assets/Scriptable/Dialog/Dialog1.cs
  artifactKey: Guid(8676acba1736d1c47885f1b3b285c9b5) Importer(815301076,1909f56bfc062723c751e8b465ee728b)
Start importing Assets/Scriptable/Dialog/Dialog1.cs using Guid(8676acba1736d1c47885f1b3b285c9b5) Importer(815301076,1909f56bfc062723c751e8b465ee728b)  -> (artifact id: '0ff92443c691f36c3ad621eb44350180') in 0.011052 seconds
  Import took 0.018345 seconds .

========================================================================
Received Import Request.
  Time since last request: 167.354003 seconds.
  path: Assets/Scriptable/Dialog/ReplicaLine.cs
  artifactKey: Guid(8676acba1736d1c47885f1b3b285c9b5) Importer(815301076,1909f56bfc062723c751e8b465ee728b)
Start importing Assets/Scriptable/Dialog/ReplicaLine.cs using Guid(8676acba1736d1c47885f1b3b285c9b5) Importer(815301076,1909f56bfc062723c751e8b465ee728b)  -> (artifact id: '14d5527a1ca0b9fdb38b5d50e0435dbd') in 0.018035 seconds
  Import took 0.023869 seconds .

========================================================================
Received Prepare
Registering precompiled user dll's ...
Registered in 0.001111 seconds.
Begin MonoManager ReloadAssembly
Native extension for WindowsStandalone target not found
Refreshing native plugins compatible for Editor in 0.38 ms, found 1 plugins.
Preloading 0 native plugins for Editor in 0.00 ms.
Mono: successfully reloaded assembly
- Completed reload, in  1.004 seconds
Platform modules already initialized, skipping
Refreshing native plugins compatible for Editor in 0.47 ms, found 1 plugins.
Preloading 0 native plugins for Editor in 0.00 ms.
Unloading 1831 Unused Serialized files (Serialized files now loaded: 0)
System memory in use before: 85.2 MB.
System memory in use after: 85.3 MB.

Unloading 8 unused Assets to reduce memory usage. Loaded Objects now: 2294.
Total: 2.395300 ms (FindLiveObjects: 0.311700 ms CreateObjectMapping: 0.099900 ms MarkObjects: 1.940100 ms  DeleteObjects: 0.042600 ms)

========================================================================
Received Prepare
Registering precompiled user dll's ...
Registered in 0.001318 seconds.
Begin MonoManager ReloadAssembly
Native extension for WindowsStandalone target not found
Refreshing native plugins compatible for Editor in 0.39 ms, found 1 plugins.
Preloading 0 native plugins for Editor in 0.00 ms.
Mono: successfully reloaded assembly
- Completed reload, in  0.985 seconds
Platform modules already initialized, skipping
Refreshing native plugins compatible for Editor in 0.38 ms, found 1 plugins.
Preloading 0 native plugins for Editor in 0.00 ms.
Unloading 1831 Unused Serialized files (Serialized files now loaded: 0)
System memory in use before: 85.2 MB.
System memory in use after: 85.3 MB.

Unloading 8 unused Assets to reduce memory usage. Loaded Objects now: 2297.
Total: 2.620900 ms (FindLiveObjects: 0.351200 ms CreateObjectMapping: 0.116500 ms MarkObjects: 2.132900 ms  DeleteObjects: 0.019100 ms)

========================================================================
Received Prepare
Registering precompiled user dll's ...
Registered in 0.001126 seconds.
Begin MonoManager ReloadAssembly
Native extension for WindowsStandalone target not found
Refreshing native plugins compatible for Editor in 0.38 ms, found 1 plugins.
Preloading 0 native plugins for Editor in 0.00 ms.
Mono: successfully reloaded assembly
- Completed reload, in  0.982 seconds
Platform modules already initialized, skipping
Refreshing native plugins compatible for Editor in 0.54 ms, found 1 plugins.
Preloading 0 native plugins for Editor in 0.00 ms.
Unloading 1831 Unused Serialized files (Serialized files now loaded: 0)
System memory in use before: 85.2 MB.
System memory in use after: 85.3 MB.

Unloading 8 unused Assets to reduce memory usage. Loaded Objects now: 2300.
Total: 2.827700 ms (FindLiveObjects: 0.377400 ms CreateObjectMapping: 0.082800 ms MarkObjects: 2.323000 ms  DeleteObjects: 0.043100 ms)

========================================================================
Received Import Request.
  Time since last request: 119.623497 seconds.
  path: Assets/Scriptable/Dialog/Hello Netural.asset
  artifactKey: Guid(ac5e119bb282bd941a54b4860f1970b3) Importer(815301076,1909f56bfc062723c751e8b465ee728b)
Start importing Assets/Scriptable/Dialog/Hello Netural.asset using Guid(ac5e119bb282bd941a54b4860f1970b3) Importer(815301076,1909f56bfc062723c751e8b465ee728b)  -> (artifact id: 'e7f1abc6866d8d698d7c01548b81861f') in 0.025819 seconds
  Import took 0.030229 seconds .

========================================================================
Received Import Request.
  Time since last request: 1.561867 seconds.
  path: Assets/Scriptable/Dialog/Hello Netural 1.asset
  artifactKey: Guid(6baddf6f86b878a42b861386791f6940) Importer(815301076,1909f56bfc062723c751e8b465ee728b)
Start importing Assets/Scriptable/Dialog/Hello Netural 1.asset using Guid(6baddf6f86b878a42b861386791f6940) Importer(815301076,1909f56bfc062723c751e8b465ee728b)  -> (artifact id: 'f4660a3bc10124cd9a56cc2f5f57fe85') in 0.012817 seconds
  Import took 0.017115 seconds .

========================================================================
Received Import Request.
  Time since last request: 0.006077 seconds.
  path: Assets/Scriptable/Dialog/Hello Netural 1.asset
  artifactKey: Guid(6baddf6f86b878a42b861386791f6940) Importer(815301076,1909f56bfc062723c751e8b465ee728b)
Start importing Assets/Scriptable/Dialog/Hello Netural 1.asset using Guid(6baddf6f86b878a42b861386791f6940) Importer(815301076,1909f56bfc062723c751e8b465ee728b)  -> (artifact id: 'f4660a3bc10124cd9a56cc2f5f57fe85') in 0.004613 seconds
  Import took 0.009604 seconds .

========================================================================
Received Import Request.
  Time since last request: 0.972512 seconds.
  path: Assets/Scriptable/Dialog/Hello Netural 2.asset
  artifactKey: Guid(d6f3962bb4299dc48a097394ad578e13) Importer(815301076,1909f56bfc062723c751e8b465ee728b)
Start importing Assets/Scriptable/Dialog/Hello Netural 2.asset using Guid(d6f3962bb4299dc48a097394ad578e13) Importer(815301076,1909f56bfc062723c751e8b465ee728b)  -> (artifact id: 'c6de64220aede25c8dcf43b01a8d997c') in 0.010606 seconds
  Import took 0.015288 seconds .

========================================================================
Received Import Request.
  Time since last request: 0.005450 seconds.
  path: Assets/Scriptable/Dialog/Hello Netural 1.asset
  artifactKey: Guid(6baddf6f86b878a42b861386791f6940) Importer(815301076,1909f56bfc062723c751e8b465ee728b)
Start importing Assets/Scriptable/Dialog/Hello Netural 1.asset using Guid(6baddf6f86b878a42b861386791f6940) Importer(815301076,1909f56bfc062723c751e8b465ee728b)  -> (artifact id: '5903146ec2a3a74a55964e02f9753d32') in 0.005495 seconds
  Import took 0.010689 seconds .

========================================================================
Received Import Request.
  Time since last request: 7.763553 seconds.
  path: Assets/Scriptable/Dialog/Hello Friendly.asset
  artifactKey: Guid(6baddf6f86b878a42b861386791f6940) Importer(815301076,1909f56bfc062723c751e8b465ee728b)
Start importing Assets/Scriptable/Dialog/Hello Friendly.asset using Guid(6baddf6f86b878a42b861386791f6940) Importer(815301076,1909f56bfc062723c751e8b465ee728b)  -> (artifact id: 'ecfd5bf0514f87de96939f4ddb900ca5') in 0.013111 seconds
  Import took 0.018390 seconds .

========================================================================
Received Import Request.
  Time since last request: 0.008601 seconds.
  path: Assets/Scriptable/Dialog/Hello Friendly.asset
  artifactKey: Guid(6baddf6f86b878a42b861386791f6940) Importer(815301076,1909f56bfc062723c751e8b465ee728b)
Start importing Assets/Scriptable/Dialog/Hello Friendly.asset using Guid(6baddf6f86b878a42b861386791f6940) Importer(815301076,1909f56bfc062723c751e8b465ee728b)  -> (artifact id: 'ecfd5bf0514f87de96939f4ddb900ca5') in 0.004930 seconds
  Import took 0.011413 seconds .

========================================================================
Received Import Request.
  Time since last request: 5.074238 seconds.
  path: Assets/Scriptable/Dialog/Hello Rude.asset
  artifactKey: Guid(d6f3962bb4299dc48a097394ad578e13) Importer(815301076,1909f56bfc062723c751e8b465ee728b)
Start importing Assets/Scriptable/Dialog/Hello Rude.asset using Guid(d6f3962bb4299dc48a097394ad578e13) Importer(815301076,1909f56bfc062723c751e8b465ee728b)  -> (artifact id: 'fc0d6be7fbfc9ee1e9f0e2294fd4c38c') in 0.012776 seconds
  Import took 0.017333 seconds .

========================================================================
Received Import Request.
  Time since last request: 0.005860 seconds.
  path: Assets/Scriptable/Dialog/Hello Rude.asset
  artifactKey: Guid(d6f3962bb4299dc48a097394ad578e13) Importer(815301076,1909f56bfc062723c751e8b465ee728b)
Start importing Assets/Scriptable/Dialog/Hello Rude.asset using Guid(d6f3962bb4299dc48a097394ad578e13) Importer(815301076,1909f56bfc062723c751e8b465ee728b)  -> (artifact id: 'fc0d6be7fbfc9ee1e9f0e2294fd4c38c') in 0.004772 seconds
  Import took 0.011032 seconds .

========================================================================
Received Import Request.
  Time since last request: 2678.116691 seconds.
  path: Assets/Code/Application
  artifactKey: Guid(dc87f55f6858b724a9f3e6abc17a1988) Importer(815301076,1909f56bfc062723c751e8b465ee728b)
Start importing Assets/Code/Application using Guid(dc87f55f6858b724a9f3e6abc17a1988) Importer(815301076,1909f56bfc062723c751e8b465ee728b)  -> (artifact id: 'f6beaa42649dd42c7f40044275724c98') in 0.012717 seconds
  Import took 0.018379 seconds .

========================================================================
Received Import Request.
  Time since last request: 0.916453 seconds.
  path: Assets/Code/Application/DialogController.cs
  artifactKey: Guid(0a004992a68dd7140ab9b5013fbd0de2) Importer(815301076,1909f56bfc062723c751e8b465ee728b)
Start importing Assets/Code/Application/DialogController.cs using Guid(0a004992a68dd7140ab9b5013fbd0de2) Importer(815301076,1909f56bfc062723c751e8b465ee728b)  -> (artifact id: '29880dbc820f92889d25424bd83a27c6') in 0.009874 seconds
  Import took 0.015814 seconds .

========================================================================
Received Import Request.
  Time since last request: 0.023585 seconds.
  path: Assets/Code/Application/DialogController.cs
  artifactKey: Guid(0a004992a68dd7140ab9b5013fbd0de2) Importer(815301076,1909f56bfc062723c751e8b465ee728b)
Start importing Assets/Code/Application/DialogController.cs using Guid(0a004992a68dd7140ab9b5013fbd0de2) Importer(815301076,1909f56bfc062723c751e8b465ee728b)  -> (artifact id: '29880dbc820f92889d25424bd83a27c6') in 0.003828 seconds
  Import took 0.008061 seconds .

========================================================================
Received Prepare
Registering precompiled user dll's ...
Registered in 0.001133 seconds.
Begin MonoManager ReloadAssembly
Native extension for WindowsStandalone target not found
Refreshing native plugins compatible for Editor in 0.38 ms, found 1 plugins.
Preloading 0 native plugins for Editor in 0.00 ms.
Mono: successfully reloaded assembly
- Completed reload, in  0.971 seconds
Platform modules already initialized, skipping
Refreshing native plugins compatible for Editor in 0.37 ms, found 1 plugins.
Preloading 0 native plugins for Editor in 0.00 ms.
Unloading 1831 Unused Serialized files (Serialized files now loaded: 0)
System memory in use before: 85.2 MB.
System memory in use after: 85.3 MB.

Unloading 8 unused Assets to reduce memory usage. Loaded Objects now: 2303.
Total: 2.131000 ms (FindLiveObjects: 0.215200 ms CreateObjectMapping: 0.069900 ms MarkObjects: 1.829000 ms  DeleteObjects: 0.015800 ms)

========================================================================
Received Import Request.
  Time since last request: 262.002186 seconds.
  path: Assets/Code/Application/DialogController.cs
  artifactKey: Guid(0a004992a68dd7140ab9b5013fbd0de2) Importer(815301076,1909f56bfc062723c751e8b465ee728b)
Start importing Assets/Code/Application/DialogController.cs using Guid(0a004992a68dd7140ab9b5013fbd0de2) Importer(815301076,1909f56bfc062723c751e8b465ee728b)  -> (artifact id: '18b9a631f772245922869e9fd709a92c') in 0.005663 seconds
  Import took 0.008896 seconds .

========================================================================
Received Prepare
Registering precompiled user dll's ...
Registered in 0.001117 seconds.
Begin MonoManager ReloadAssembly
Native extension for WindowsStandalone target not found
Refreshing native plugins compatible for Editor in 0.38 ms, found 1 plugins.
Preloading 0 native plugins for Editor in 0.00 ms.
Mono: successfully reloaded assembly
- Completed reload, in  0.980 seconds
Platform modules already initialized, skipping
Refreshing native plugins compatible for Editor in 0.38 ms, found 1 plugins.
Preloading 0 native plugins for Editor in 0.00 ms.
Unloading 1831 Unused Serialized files (Serialized files now loaded: 0)
System memory in use before: 85.2 MB.
System memory in use after: 85.3 MB.

Unloading 8 unused Assets to reduce memory usage. Loaded Objects now: 2306.
Total: 3.417100 ms (FindLiveObjects: 0.434200 ms CreateObjectMapping: 0.157600 ms MarkObjects: 2.797200 ms  DeleteObjects: 0.026100 ms)

========================================================================
Received Import Request.
  Time since last request: 71.497931 seconds.
  path: Assets/Code/Application/DialogController.cs
  artifactKey: Guid(0a004992a68dd7140ab9b5013fbd0de2) Importer(815301076,1909f56bfc062723c751e8b465ee728b)
Start importing Assets/Code/Application/DialogController.cs using Guid(0a004992a68dd7140ab9b5013fbd0de2) Importer(815301076,1909f56bfc062723c751e8b465ee728b)  -> (artifact id: '3044d0925527fbffaf1a32d4dc5498d6') in 0.010713 seconds
  Import took 0.015450 seconds .

========================================================================
Received Prepare
Registering precompiled user dll's ...
Registered in 0.001117 seconds.
Begin MonoManager ReloadAssembly
Native extension for WindowsStandalone target not found
Refreshing native plugins compatible for Editor in 0.38 ms, found 1 plugins.
Preloading 0 native plugins for Editor in 0.00 ms.
Mono: successfully reloaded assembly
- Completed reload, in  0.998 seconds
Platform modules already initialized, skipping
Refreshing native plugins compatible for Editor in 0.38 ms, found 1 plugins.
Preloading 0 native plugins for Editor in 0.00 ms.
Unloading 1831 Unused Serialized files (Serialized files now loaded: 0)
System memory in use before: 85.2 MB.
System memory in use after: 85.3 MB.

Unloading 8 unused Assets to reduce memory usage. Loaded Objects now: 2309.
Total: 2.860700 ms (FindLiveObjects: 0.542900 ms CreateObjectMapping: 0.307100 ms MarkObjects: 1.992200 ms  DeleteObjects: 0.016600 ms)

========================================================================
Received Import Request.
  Time since last request: 28.217987 seconds.
  path: Assets/Scriptable/Dialog/Hello Rude.asset
  artifactKey: Guid(d6f3962bb4299dc48a097394ad578e13) Importer(815301076,1909f56bfc062723c751e8b465ee728b)
Start importing Assets/Scriptable/Dialog/Hello Rude.asset using Guid(d6f3962bb4299dc48a097394ad578e13) Importer(815301076,1909f56bfc062723c751e8b465ee728b)  -> (artifact id: '1b8288c925ec4b4a0bf22a198f64df49') in 0.025004 seconds
  Import took 0.029212 seconds .

========================================================================
Received Import Request.
  Time since last request: 0.000330 seconds.
  path: Assets/Scriptable/Dialog/D hi.asset
  artifactKey: Guid(5d49a71b3ac3be14a8d23969889ddd50) Importer(815301076,1909f56bfc062723c751e8b465ee728b)
Start importing Assets/Scriptable/Dialog/D hi.asset using Guid(5d49a71b3ac3be14a8d23969889ddd50) Importer(815301076,1909f56bfc062723c751e8b465ee728b)  -> (artifact id: 'e4916b7ed71c8440205ab62b33cdef3a') in 0.011643 seconds
  Import took 0.017382 seconds .

========================================================================
Received Import Request.
  Time since last request: 0.000349 seconds.
  path: Assets/Scriptable/Dialog/Hello Friendly.asset
  artifactKey: Guid(6baddf6f86b878a42b861386791f6940) Importer(815301076,1909f56bfc062723c751e8b465ee728b)
Start importing Assets/Scriptable/Dialog/Hello Friendly.asset using Guid(6baddf6f86b878a42b861386791f6940) Importer(815301076,1909f56bfc062723c751e8b465ee728b)  -> (artifact id: '81b8583b89bca887d08cd056a4dab3c0') in 0.010023 seconds
  Import took 0.014850 seconds .

========================================================================
Received Import Request.
  Time since last request: 0.000363 seconds.
  path: Assets/Scriptable/Dialog/Hello Netural.asset
  artifactKey: Guid(ac5e119bb282bd941a54b4860f1970b3) Importer(815301076,1909f56bfc062723c751e8b465ee728b)
Start importing Assets/Scriptable/Dialog/Hello Netural.asset using Guid(ac5e119bb282bd941a54b4860f1970b3) Importer(815301076,1909f56bfc062723c751e8b465ee728b)  -> (artifact id: '42b5c62eb2e02cd698cd83bd058c2a5e') in 0.012409 seconds
  Import took 0.018171 seconds .

========================================================================
Received Prepare
Registering precompiled user dll's ...
Registered in 0.001433 seconds.
Begin MonoManager ReloadAssembly
Native extension for WindowsStandalone target not found
Refreshing native plugins compatible for Editor in 0.39 ms, found 1 plugins.
Preloading 0 native plugins for Editor in 0.00 ms.
Mono: successfully reloaded assembly
- Completed reload, in  0.992 seconds
Platform modules already initialized, skipping
Refreshing native plugins compatible for Editor in 0.39 ms, found 1 plugins.
Preloading 0 native plugins for Editor in 0.00 ms.
Unloading 1831 Unused Serialized files (Serialized files now loaded: 0)
System memory in use before: 85.2 MB.
System memory in use after: 85.4 MB.

Unloading 8 unused Assets to reduce memory usage. Loaded Objects now: 2312.
Total: 2.205000 ms (FindLiveObjects: 0.208900 ms CreateObjectMapping: 0.072400 ms MarkObjects: 1.907100 ms  DeleteObjects: 0.015000 ms)

========================================================================
Received Prepare
Registering precompiled user dll's ...
Registered in 0.001163 seconds.
Begin MonoManager ReloadAssembly
Native extension for WindowsStandalone target not found
Refreshing native plugins compatible for Editor in 0.38 ms, found 1 plugins.
Preloading 0 native plugins for Editor in 0.00 ms.
Mono: successfully reloaded assembly
- Completed reload, in  0.954 seconds
Platform modules already initialized, skipping
Refreshing native plugins compatible for Editor in 0.38 ms, found 1 plugins.
Preloading 0 native plugins for Editor in 0.00 ms.
Unloading 1831 Unused Serialized files (Serialized files now loaded: 0)
System memory in use before: 85.3 MB.
System memory in use after: 85.4 MB.

Unloading 8 unused Assets to reduce memory usage. Loaded Objects now: 2315.
Total: 3.180400 ms (FindLiveObjects: 0.395600 ms CreateObjectMapping: 0.210700 ms MarkObjects: 2.554300 ms  DeleteObjects: 0.018100 ms)

========================================================================
Received Import Request.
  Time since last request: 1543.344762 seconds.
  path: Assets/lvls/lvl 0.prefab
  artifactKey: Guid(658e73b3a918378438f31ba988db0528) Importer(815301076,1909f56bfc062723c751e8b465ee728b)
Start importing Assets/lvls/lvl 0.prefab using Guid(658e73b3a918378438f31ba988db0528) Importer(815301076,1909f56bfc062723c751e8b465ee728b)  -> (artifact id: 'efc348a2260041f53fd4604368272325') in 0.037914 seconds
  Import took 0.041792 seconds .

========================================================================
Received Import Request.
  Time since last request: 0.000366 seconds.
  path: Assets/lvls/lvl town.prefab
  artifactKey: Guid(b70cfaf55fc0ea74cae710fcb72af2fd) Importer(815301076,1909f56bfc062723c751e8b465ee728b)
Start importing Assets/lvls/lvl town.prefab using Guid(b70cfaf55fc0ea74cae710fcb72af2fd) Importer(815301076,1909f56bfc062723c751e8b465ee728b)  -> (artifact id: '4b9418a2763919d47f1119d9cdb63f70') in 0.012932 seconds
  Import took 0.018347 seconds .

========================================================================
Received Import Request.
  Time since last request: 0.000284 seconds.
  path: Assets/lvls/lvl 1.prefab
  artifactKey: Guid(189252ac38ac6ca4896b4725d9411f28) Importer(815301076,1909f56bfc062723c751e8b465ee728b)
Start importing Assets/lvls/lvl 1.prefab using Guid(189252ac38ac6ca4896b4725d9411f28) Importer(815301076,1909f56bfc062723c751e8b465ee728b)  -> (artifact id: '916846c99fafdd898459769c3c1a451c') in 0.013869 seconds
  Import took 0.019327 seconds .

========================================================================
Received Import Request.
  Time since last request: 26.633360 seconds.
  path: Assets/lvls/lvl town.prefab
  artifactKey: Guid(b70cfaf55fc0ea74cae710fcb72af2fd) Importer(815301076,1909f56bfc062723c751e8b465ee728b)
Start importing Assets/lvls/lvl town.prefab using Guid(b70cfaf55fc0ea74cae710fcb72af2fd) Importer(815301076,1909f56bfc062723c751e8b465ee728b)  -> (artifact id: 'be6a1401660ba29a71a2f407fd7a56e8') in 0.008404 seconds
  Import took 0.016048 seconds .

========================================================================
Received Import Request.
  Time since last request: 21.321531 seconds.
  path: Assets/lvls/lvl town.prefab
  artifactKey: Guid(b70cfaf55fc0ea74cae710fcb72af2fd) Importer(815301076,1909f56bfc062723c751e8b465ee728b)
Start importing Assets/lvls/lvl town.prefab using Guid(b70cfaf55fc0ea74cae710fcb72af2fd) Importer(815301076,1909f56bfc062723c751e8b465ee728b)  -> (artifact id: '7d7319040e4a821244af7135d55f7348') in 0.008597 seconds
  Import took 0.014204 seconds .

========================================================================
Received Import Request.
  Time since last request: 1.186074 seconds.
  path: Assets/lvls/lvl town.prefab
  artifactKey: Guid(b70cfaf55fc0ea74cae710fcb72af2fd) Importer(815301076,1909f56bfc062723c751e8b465ee728b)
Start importing Assets/lvls/lvl town.prefab using Guid(b70cfaf55fc0ea74cae710fcb72af2fd) Importer(815301076,1909f56bfc062723c751e8b465ee728b)  -> (artifact id: '03fa420cc6e938c582a6d4e24f297c75') in 0.008126 seconds
  Import took 0.013227 seconds .

========================================================================
Received Import Request.
  Time since last request: 3.218513 seconds.
  path: Assets/lvls/lvl town.prefab
  artifactKey: Guid(b70cfaf55fc0ea74cae710fcb72af2fd) Importer(815301076,1909f56bfc062723c751e8b465ee728b)
Start importing Assets/lvls/lvl town.prefab using Guid(b70cfaf55fc0ea74cae710fcb72af2fd) Importer(815301076,1909f56bfc062723c751e8b465ee728b)  -> (artifact id: '2ff746cee58d76706d749c98a01f7e41') in 0.007975 seconds
  Import took 0.013585 seconds .

========================================================================
Received Import Request.
  Time since last request: 0.968437 seconds.
  path: Assets/lvls/lvl town.prefab
  artifactKey: Guid(b70cfaf55fc0ea74cae710fcb72af2fd) Importer(815301076,1909f56bfc062723c751e8b465ee728b)
Start importing Assets/lvls/lvl town.prefab using Guid(b70cfaf55fc0ea74cae710fcb72af2fd) Importer(815301076,1909f56bfc062723c751e8b465ee728b)  -> (artifact id: 'c8d4fb41a173eca574e8e783bb444785') in 0.007775 seconds
  Import took 0.013265 seconds .

========================================================================
Received Prepare
Registering precompiled user dll's ...
Registered in 0.001087 seconds.
Begin MonoManager ReloadAssembly
Native extension for WindowsStandalone target not found
Refreshing native plugins compatible for Editor in 0.44 ms, found 1 plugins.
Preloading 0 native plugins for Editor in 0.00 ms.
Mono: successfully reloaded assembly
- Completed reload, in  0.959 seconds
Platform modules already initialized, skipping
Refreshing native plugins compatible for Editor in 0.38 ms, found 1 plugins.
Preloading 0 native plugins for Editor in 0.00 ms.
Unloading 1831 Unused Serialized files (Serialized files now loaded: 0)
System memory in use before: 85.5 MB.
System memory in use after: 85.6 MB.

Unloading 8 unused Assets to reduce memory usage. Loaded Objects now: 2318.
Total: 2.744900 ms (FindLiveObjects: 0.268500 ms CreateObjectMapping: 0.129900 ms MarkObjects: 2.327100 ms  DeleteObjects: 0.017200 ms)

========================================================================
Received Prepare
Registering precompiled user dll's ...
Registered in 0.001123 seconds.
Begin MonoManager ReloadAssembly
Native extension for WindowsStandalone target not found
Refreshing native plugins compatible for Editor in 0.38 ms, found 1 plugins.
Preloading 0 native plugins for Editor in 0.00 ms.
Mono: successfully reloaded assembly
- Completed reload, in  1.228 seconds
Platform modules already initialized, skipping
Refreshing native plugins compatible for Editor in 0.49 ms, found 1 plugins.
Preloading 0 native plugins for Editor in 0.00 ms.
Unloading 1832 Unused Serialized files (Serialized files now loaded: 0)
System memory in use before: 85.7 MB.
System memory in use after: 85.8 MB.

Unloading 8 unused Assets to reduce memory usage. Loaded Objects now: 2322.
Total: 3.525700 ms (FindLiveObjects: 0.447900 ms CreateObjectMapping: 0.200800 ms MarkObjects: 2.853000 ms  DeleteObjects: 0.022100 ms)

========================================================================
Received Prepare
Registering precompiled user dll's ...
Registered in 0.001563 seconds.
Begin MonoManager ReloadAssembly
Native extension for WindowsStandalone target not found
Refreshing native plugins compatible for Editor in 0.38 ms, found 1 plugins.
Preloading 0 native plugins for Editor in 0.00 ms.
Mono: successfully reloaded assembly
- Completed reload, in  0.985 seconds
Platform modules already initialized, skipping
Refreshing native plugins compatible for Editor in 0.38 ms, found 1 plugins.
Preloading 0 native plugins for Editor in 0.00 ms.
Unloading 1832 Unused Serialized files (Serialized files now loaded: 0)
System memory in use before: 85.7 MB.
System memory in use after: 85.8 MB.

Unloading 8 unused Assets to reduce memory usage. Loaded Objects now: 2325.
Total: 2.017400 ms (FindLiveObjects: 0.159900 ms CreateObjectMapping: 0.054600 ms MarkObjects: 1.785800 ms  DeleteObjects: 0.016100 ms)

========================================================================
Received Import Request.
  Time since last request: 166.933740 seconds.
  path: Assets/lvls/lvl town.prefab
  artifactKey: Guid(b70cfaf55fc0ea74cae710fcb72af2fd) Importer(815301076,1909f56bfc062723c751e8b465ee728b)
Start importing Assets/lvls/lvl town.prefab using Guid(b70cfaf55fc0ea74cae710fcb72af2fd) Importer(815301076,1909f56bfc062723c751e8b465ee728b)  -> (artifact id: '531c6c0a776324c3608ad4d3ca68ccd3') in 0.027063 seconds
  Import took 0.031003 seconds .

========================================================================
Received Import Request.
  Time since last request: 1.108465 seconds.
  path: Assets/Prefabs/Application.prefab
  artifactKey: Guid(edf9105fb9cf38f4c89e86603cee8392) Importer(815301076,1909f56bfc062723c751e8b465ee728b)
Start importing Assets/Prefabs/Application.prefab using Guid(edf9105fb9cf38f4c89e86603cee8392) Importer(815301076,1909f56bfc062723c751e8b465ee728b)  -> (artifact id: 'b8cd458f429939875054112f7f1d98da') in 0.050183 seconds
  Import took 0.055599 seconds .

========================================================================
Received Import Request.
  Time since last request: 0.000336 seconds.
  path: Assets/Prefabs/Player.prefab
  artifactKey: Guid(626a38efbb92d7440b07bf91f315c98e) Importer(815301076,1909f56bfc062723c751e8b465ee728b)
Start importing Assets/Prefabs/Player.prefab using Guid(626a38efbb92d7440b07bf91f315c98e) Importer(815301076,1909f56bfc062723c751e8b465ee728b)  -> (artifact id: 'df38732aefce159dc6af82cc1d275dd1') in 0.106843 seconds
  Import took 0.110993 seconds .

========================================================================
Received Import Request.
  Time since last request: 0.000343 seconds.
  path: Assets/Prefabs/Main Camera.prefab
  artifactKey: Guid(8b9be621013f8f74d98ab3dcc58e0737) Importer(815301076,1909f56bfc062723c751e8b465ee728b)
Start importing Assets/Prefabs/Main Camera.prefab using Guid(8b9be621013f8f74d98ab3dcc58e0737) Importer(815301076,1909f56bfc062723c751e8b465ee728b)  -> (artifact id: '9df0e6f1d7df749a62a747118683db41') in 0.014912 seconds
  Import took 0.019904 seconds .

========================================================================
Received Import Request.
  Time since last request: 0.000281 seconds.
  path: Assets/Prefabs/Spawner.prefab
  artifactKey: Guid(2ff139b7695f01c45b3f6514e47c78e5) Importer(815301076,1909f56bfc062723c751e8b465ee728b)
Start importing Assets/Prefabs/Spawner.prefab using Guid(2ff139b7695f01c45b3f6514e47c78e5) Importer(815301076,1909f56bfc062723c751e8b465ee728b)  -> (artifact id: 'd220f11b432df9c605be1035734ad946') in 0.031211 seconds
  Import took 0.036955 seconds .

========================================================================
Received Import Request.
  Time since last request: 0.000351 seconds.
  path: Assets/Prefabs/Talky.prefab
  artifactKey: Guid(27c73783d00481543a0f9c06b3e61ef4) Importer(815301076,1909f56bfc062723c751e8b465ee728b)
Start importing Assets/Prefabs/Talky.prefab using Guid(27c73783d00481543a0f9c06b3e61ef4) Importer(815301076,1909f56bfc062723c751e8b465ee728b)  -> (artifact id: 'cfaa78d979dfad7a0eb1d30ee6007e54') in 0.035105 seconds
  Import took 0.039125 seconds .

========================================================================
Received Import Request.
  Time since last request: 0.000379 seconds.
  path: Assets/Prefabs/NPC Friendly.prefab
  artifactKey: Guid(046ae4e1613154f46a8b8a3641ff3d58) Importer(815301076,1909f56bfc062723c751e8b465ee728b)
Start importing Assets/Prefabs/NPC Friendly.prefab using Guid(046ae4e1613154f46a8b8a3641ff3d58) Importer(815301076,1909f56bfc062723c751e8b465ee728b)  -> (artifact id: '20317364b569fd246caf3521dcbaf996') in 0.025711 seconds
  Import took 0.030453 seconds .

========================================================================
Received Import Request.
  Time since last request: 0.000308 seconds.
  path: Assets/Prefabs/Item.prefab
  artifactKey: Guid(6e9697e112e495147bb18b566182c4c2) Importer(815301076,1909f56bfc062723c751e8b465ee728b)
Start importing Assets/Prefabs/Item.prefab using Guid(6e9697e112e495147bb18b566182c4c2) Importer(815301076,1909f56bfc062723c751e8b465ee728b)  -> (artifact id: '90dadeca8b32c076af024dd90946cb25') in 0.025483 seconds
  Import took 0.030759 seconds .

========================================================================
Received Import Request.
  Time since last request: 0.000359 seconds.
  path: Assets/Prefabs/Gunner.prefab
  artifactKey: Guid(8c6ef37e1abbe704c95404fccf86c047) Importer(815301076,1909f56bfc062723c751e8b465ee728b)
Start importing Assets/Prefabs/Gunner.prefab using Guid(8c6ef37e1abbe704c95404fccf86c047) Importer(815301076,1909f56bfc062723c751e8b465ee728b)  -> (artifact id: '830b731a2d574ffee2bbeb4806ee13b5') in 0.034664 seconds
  Import took 0.039343 seconds .

========================================================================
Received Import Request.
  Time since last request: 0.000287 seconds.
  path: Assets/Prefabs/Corpse.prefab
  artifactKey: Guid(9320f481046c8f54ba9d6f121f566b75) Importer(815301076,1909f56bfc062723c751e8b465ee728b)
Start importing Assets/Prefabs/Corpse.prefab using Guid(9320f481046c8f54ba9d6f121f566b75) Importer(815301076,1909f56bfc062723c751e8b465ee728b)  -> (artifact id: '8f6ced4224c6d1bd56fb77af57681bef') in 0.028204 seconds
  Import took 0.031902 seconds .

========================================================================
Received Import Request.
  Time since last request: 0.000220 seconds.
  path: Assets/Prefabs/Bullet.prefab
  artifactKey: Guid(ee5eedf1f9405ff4eabe07973ecc441a) Importer(815301076,1909f56bfc062723c751e8b465ee728b)
Start importing Assets/Prefabs/Bullet.prefab using Guid(ee5eedf1f9405ff4eabe07973ecc441a) Importer(815301076,1909f56bfc062723c751e8b465ee728b)  -> (artifact id: '2c629d1323ea91441a2cd4ac2fb663b9') in 0.032740 seconds
  Import took 0.038315 seconds .

========================================================================
Received Import Request.
  Time since last request: 0.000309 seconds.
  path: Assets/Prefabs/RespawnPoint.prefab
  artifactKey: Guid(4006e1d0affb20f48a0191193b7f7610) Importer(815301076,1909f56bfc062723c751e8b465ee728b)
Start importing Assets/Prefabs/RespawnPoint.prefab using Guid(4006e1d0affb20f48a0191193b7f7610) Importer(815301076,1909f56bfc062723c751e8b465ee728b)  -> (artifact id: '12ef08caba16c28e8386240852867965') in 0.013761 seconds
  Import took 0.018615 seconds .

========================================================================
Received Import Request.
  Time since last request: 0.000290 seconds.
  path: Assets/Prefabs/Bullet.prefab
  artifactKey: Guid(ee5eedf1f9405ff4eabe07973ecc441a) Importer(815301076,1909f56bfc062723c751e8b465ee728b)
Start importing Assets/Prefabs/Bullet.prefab using Guid(ee5eedf1f9405ff4eabe07973ecc441a) Importer(815301076,1909f56bfc062723c751e8b465ee728b)  -> (artifact id: '2c629d1323ea91441a2cd4ac2fb663b9') in 0.015056 seconds
  Import took 0.020164 seconds .

========================================================================
Received Import Request.
  Time since last request: 0.000231 seconds.
  path: Assets/Prefabs/NPC Enemy.prefab
  artifactKey: Guid(5d9b7a9914c8552468d0ddcdb6782ea5) Importer(815301076,1909f56bfc062723c751e8b465ee728b)
Start importing Assets/Prefabs/NPC Enemy.prefab using Guid(5d9b7a9914c8552468d0ddcdb6782ea5) Importer(815301076,1909f56bfc062723c751e8b465ee728b)  -> (artifact id: '5d8c0fc73e8051f36760b622061e2508') in 0.027124 seconds
  Import took 0.031399 seconds .

========================================================================
Received Import Request.
  Time since last request: 13.040271 seconds.
  path: Assets/Prefabs/Change lvl.prefab
  artifactKey: Guid(eb607bdd68861254bb51c075afef9633) Importer(815301076,1909f56bfc062723c751e8b465ee728b)
Start importing Assets/Prefabs/Change lvl.prefab using Guid(eb607bdd68861254bb51c075afef9633) Importer(815301076,1909f56bfc062723c751e8b465ee728b)  -> (artifact id: '88f07738b1dfa75b2e64486c01c2c18c') in 0.012605 seconds
  Import took 0.018470 seconds .

========================================================================
Received Import Request.
  Time since last request: 0.018048 seconds.
  path: Assets/Prefabs/Change lvl.prefab
  artifactKey: Guid(eb607bdd68861254bb51c075afef9633) Importer(815301076,1909f56bfc062723c751e8b465ee728b)
Start importing Assets/Prefabs/Change lvl.prefab using Guid(eb607bdd68861254bb51c075afef9633) Importer(815301076,1909f56bfc062723c751e8b465ee728b)  -> (artifact id: '88f07738b1dfa75b2e64486c01c2c18c') in 0.006575 seconds
  Import took 0.011847 seconds .

========================================================================
Received Prepare
Registering precompiled user dll's ...
Registered in 0.001654 seconds.
Begin MonoManager ReloadAssembly
Native extension for WindowsStandalone target not found
Refreshing native plugins compatible for Editor in 0.68 ms, found 1 plugins.
Preloading 0 native plugins for Editor in 0.00 ms.
Mono: successfully reloaded assembly
- Completed reload, in  1.151 seconds
Platform modules already initialized, skipping
Refreshing native plugins compatible for Editor in 0.43 ms, found 1 plugins.
Preloading 0 native plugins for Editor in 0.00 ms.
Unloading 1832 Unused Serialized files (Serialized files now loaded: 0)
System memory in use before: 88.7 MB.
System memory in use after: 88.8 MB.

Unloading 8 unused Assets to reduce memory usage. Loaded Objects now: 2335.
Total: 3.115300 ms (FindLiveObjects: 0.330800 ms CreateObjectMapping: 0.249300 ms MarkObjects: 2.480100 ms  DeleteObjects: 0.052800 ms)

========================================================================
Received Import Request.
  Time since last request: 315.922172 seconds.
  path: Assets/Prefabs/Change lvl.prefab
  artifactKey: Guid(eb607bdd68861254bb51c075afef9633) Importer(815301076,1909f56bfc062723c751e8b465ee728b)
Start importing Assets/Prefabs/Change lvl.prefab using Guid(eb607bdd68861254bb51c075afef9633) Importer(815301076,1909f56bfc062723c751e8b465ee728b)  -> (artifact id: 'bd79565011ddf75b2440f0dd65f2230d') in 0.032057 seconds
  Import took 0.037851 seconds .

========================================================================
Received Import Request.
  Time since last request: 79.302608 seconds.
  path: Assets/Prefabs/Change lvl.prefab
  artifactKey: Guid(eb607bdd68861254bb51c075afef9633) Importer(815301076,1909f56bfc062723c751e8b465ee728b)
Start importing Assets/Prefabs/Change lvl.prefab using Guid(eb607bdd68861254bb51c075afef9633) Importer(815301076,1909f56bfc062723c751e8b465ee728b)  -> (artifact id: 'b9e54f5a4d894364af05efedaae75f4f') in 0.006977 seconds
  Import took 0.011924 seconds .

========================================================================
Received Import Request.
  Time since last request: 75.518895 seconds.
  path: Assets/Scenes/town.unity
  artifactKey: Guid(d6000d9b95f3eef42b3a7bc3be87c7f7) Importer(815301076,1909f56bfc062723c751e8b465ee728b)
Start importing Assets/Scenes/town.unity using Guid(d6000d9b95f3eef42b3a7bc3be87c7f7) Importer(815301076,1909f56bfc062723c751e8b465ee728b)  -> (artifact id: '22047a24e155f06001828642bd04a1ae') in 0.012332 seconds
  Import took 0.016955 seconds .

========================================================================
Received Import Request.
  Time since last request: 4.041133 seconds.
  path: Assets/Scenes/arena.unity
  artifactKey: Guid(2cda990e2423bbf4892e6590ba056729) Importer(815301076,1909f56bfc062723c751e8b465ee728b)
Start importing Assets/Scenes/arena.unity using Guid(2cda990e2423bbf4892e6590ba056729) Importer(815301076,1909f56bfc062723c751e8b465ee728b)  -> (artifact id: '5a95b2aa5b44a52a164bdedc07cc3bbe') in 0.011161 seconds
  Import took 0.015687 seconds .

========================================================================
Received Import Request.
  Time since last request: 2.334361 seconds.
  path: Assets/Scenes/arena 1.unity
  artifactKey: Guid(b158b1f263aad9f4c902f6284a2948fc) Importer(815301076,1909f56bfc062723c751e8b465ee728b)
Start importing Assets/Scenes/arena 1.unity using Guid(b158b1f263aad9f4c902f6284a2948fc) Importer(815301076,1909f56bfc062723c751e8b465ee728b)  -> (artifact id: 'a30a47504aa6a86f1808f198cc42edf8') in 0.014491 seconds
  Import took 0.020761 seconds .

========================================================================
Received Import Request.
  Time since last request: 3.093135 seconds.
  path: Assets/Scenes/lvl 1.unity
  artifactKey: Guid(b158b1f263aad9f4c902f6284a2948fc) Importer(815301076,1909f56bfc062723c751e8b465ee728b)
Start importing Assets/Scenes/lvl 1.unity using Guid(b158b1f263aad9f4c902f6284a2948fc) Importer(815301076,1909f56bfc062723c751e8b465ee728b)  -> (artifact id: '245f75822b386f84a62940de71d101d9') in 0.011734 seconds
  Import took 0.016752 seconds .

========================================================================
Received Import Request.
  Time since last request: 17.680642 seconds.
  path: Assets/lvls/lvl town.prefab
  artifactKey: Guid(b70cfaf55fc0ea74cae710fcb72af2fd) Importer(815301076,1909f56bfc062723c751e8b465ee728b)
Start importing Assets/lvls/lvl town.prefab using Guid(b70cfaf55fc0ea74cae710fcb72af2fd) Importer(815301076,1909f56bfc062723c751e8b465ee728b)  -> (artifact id: '2cdd97e2dd8d2b4264ee44c9a1b33a00') in 0.006382 seconds
  Import took 0.010640 seconds .

========================================================================
Received Import Request.
  Time since last request: 106.092596 seconds.
  path: Assets/lvls/lvl 1.prefab
  artifactKey: Guid(189252ac38ac6ca4896b4725d9411f28) Importer(815301076,1909f56bfc062723c751e8b465ee728b)
Start importing Assets/lvls/lvl 1.prefab using Guid(189252ac38ac6ca4896b4725d9411f28) Importer(815301076,1909f56bfc062723c751e8b465ee728b)  -> (artifact id: '62b2037c075ee9e589ac6d2ac4441c66') in 0.007194 seconds
  Import took 0.012911 seconds .

========================================================================
Received Import Request.
  Time since last request: 9.671342 seconds.
  path: Assets/lvls/lvl 1.prefab
  artifactKey: Guid(189252ac38ac6ca4896b4725d9411f28) Importer(815301076,1909f56bfc062723c751e8b465ee728b)
Start importing Assets/lvls/lvl 1.prefab using Guid(189252ac38ac6ca4896b4725d9411f28) Importer(815301076,1909f56bfc062723c751e8b465ee728b)  -> (artifact id: '1733d08438531b2592c90cdc73a37f55') in 0.009247 seconds
  Import took 0.015015 seconds .

========================================================================
Received Import Request.
  Time since last request: 3.419878 seconds.
  path: Assets/lvls/lvl 1.prefab
  artifactKey: Guid(189252ac38ac6ca4896b4725d9411f28) Importer(815301076,1909f56bfc062723c751e8b465ee728b)
Start importing Assets/lvls/lvl 1.prefab using Guid(189252ac38ac6ca4896b4725d9411f28) Importer(815301076,1909f56bfc062723c751e8b465ee728b)  -> (artifact id: '9b4ee5d75fc7319c56a6f672eb0c591f') in 0.007855 seconds
  Import took 0.014004 seconds .

========================================================================
Received Import Request.
  Time since last request: 7.868938 seconds.
  path: Assets/lvls/lvl 1.prefab
  artifactKey: Guid(189252ac38ac6ca4896b4725d9411f28) Importer(815301076,1909f56bfc062723c751e8b465ee728b)
Start importing Assets/lvls/lvl 1.prefab using Guid(189252ac38ac6ca4896b4725d9411f28) Importer(815301076,1909f56bfc062723c751e8b465ee728b)  -> (artifact id: 'c33cc0d30bc213f763d7bb874e36145d') in 0.007930 seconds
  Import took 0.013775 seconds .

========================================================================
Received Import Request.
  Time since last request: 2.609626 seconds.
  path: Assets/lvls/lvl 1.prefab
  artifactKey: Guid(189252ac38ac6ca4896b4725d9411f28) Importer(815301076,1909f56bfc062723c751e8b465ee728b)
Start importing Assets/lvls/lvl 1.prefab using Guid(189252ac38ac6ca4896b4725d9411f28) Importer(815301076,1909f56bfc062723c751e8b465ee728b)  -> (artifact id: 'e5b504f22353e956dc56a21421edd010') in 0.008085 seconds
  Import took 0.013970 seconds .

========================================================================
Received Import Request.
  Time since last request: 3.024332 seconds.
  path: Assets/lvls/lvl 1.prefab
  artifactKey: Guid(189252ac38ac6ca4896b4725d9411f28) Importer(815301076,1909f56bfc062723c751e8b465ee728b)
Start importing Assets/lvls/lvl 1.prefab using Guid(189252ac38ac6ca4896b4725d9411f28) Importer(815301076,1909f56bfc062723c751e8b465ee728b)  -> (artifact id: 'f8094548baa2e2b3787f2178e4316084') in 0.007410 seconds
  Import took 0.012945 seconds .

========================================================================
Received Import Request.
  Time since last request: 2.200618 seconds.
  path: Assets/lvls/lvl 1.prefab
  artifactKey: Guid(189252ac38ac6ca4896b4725d9411f28) Importer(815301076,1909f56bfc062723c751e8b465ee728b)
Start importing Assets/lvls/lvl 1.prefab using Guid(189252ac38ac6ca4896b4725d9411f28) Importer(815301076,1909f56bfc062723c751e8b465ee728b)  -> (artifact id: 'a9a7ad4fac4a8ae3ae94ecdb24be8223') in 0.007877 seconds
  Import took 0.012574 seconds .

========================================================================
Received Import Request.
  Time since last request: 4.229508 seconds.
  path: Assets/lvls/lvl 1.prefab
  artifactKey: Guid(189252ac38ac6ca4896b4725d9411f28) Importer(815301076,1909f56bfc062723c751e8b465ee728b)
Start importing Assets/lvls/lvl 1.prefab using Guid(189252ac38ac6ca4896b4725d9411f28) Importer(815301076,1909f56bfc062723c751e8b465ee728b)  -> (artifact id: '9a21906c3a1e5492641974cb111fd17d') in 0.006340 seconds
  Import took 0.012219 seconds .

========================================================================
Received Import Request.
  Time since last request: 0.377377 seconds.
  path: Assets/lvls/lvl 1.prefab
  artifactKey: Guid(189252ac38ac6ca4896b4725d9411f28) Importer(815301076,1909f56bfc062723c751e8b465ee728b)
Start importing Assets/lvls/lvl 1.prefab using Guid(189252ac38ac6ca4896b4725d9411f28) Importer(815301076,1909f56bfc062723c751e8b465ee728b)  -> (artifact id: 'ed644a230476d8fc71d80149a9e94e60') in 0.007265 seconds
  Import took 0.012829 seconds .

========================================================================
Received Import Request.
  Time since last request: 1.193156 seconds.
  path: Assets/lvls/lvl 1.prefab
  artifactKey: Guid(189252ac38ac6ca4896b4725d9411f28) Importer(815301076,1909f56bfc062723c751e8b465ee728b)
Start importing Assets/lvls/lvl 1.prefab using Guid(189252ac38ac6ca4896b4725d9411f28) Importer(815301076,1909f56bfc062723c751e8b465ee728b)  -> (artifact id: '16f61b87b6c577f23afdf3ae7e515ad2') in 0.007722 seconds
  Import took 0.013785 seconds .

========================================================================
Received Import Request.
  Time since last request: 3.640750 seconds.
  path: Assets/lvls/lvl 1.prefab
  artifactKey: Guid(189252ac38ac6ca4896b4725d9411f28) Importer(815301076,1909f56bfc062723c751e8b465ee728b)
Start importing Assets/lvls/lvl 1.prefab using Guid(189252ac38ac6ca4896b4725d9411f28) Importer(815301076,1909f56bfc062723c751e8b465ee728b)  -> (artifact id: '7cf1cee4142fb25c60d136f4ef7fe5a5') in 0.006892 seconds
  Import took 0.012681 seconds .

========================================================================
Received Import Request.
  Time since last request: 1.579048 seconds.
  path: Assets/lvls/lvl 1.prefab
  artifactKey: Guid(189252ac38ac6ca4896b4725d9411f28) Importer(815301076,1909f56bfc062723c751e8b465ee728b)
Start importing Assets/lvls/lvl 1.prefab using Guid(189252ac38ac6ca4896b4725d9411f28) Importer(815301076,1909f56bfc062723c751e8b465ee728b)  -> (artifact id: 'c077ab221ca6defac4ed4685c310d233') in 0.008798 seconds
  Import took 0.014744 seconds .

========================================================================
Received Import Request.
  Time since last request: 0.207838 seconds.
  path: Assets/lvls/lvl 1.prefab
  artifactKey: Guid(189252ac38ac6ca4896b4725d9411f28) Importer(815301076,1909f56bfc062723c751e8b465ee728b)
Start importing Assets/lvls/lvl 1.prefab using Guid(189252ac38ac6ca4896b4725d9411f28) Importer(815301076,1909f56bfc062723c751e8b465ee728b)  -> (artifact id: '6f37b93ff00fdb197e5b7841ff7970a4') in 0.007406 seconds
  Import took 0.013173 seconds .

========================================================================
Received Import Request.
  Time since last request: 5.465176 seconds.
  path: Assets/lvls/lvl 1.prefab
  artifactKey: Guid(189252ac38ac6ca4896b4725d9411f28) Importer(815301076,1909f56bfc062723c751e8b465ee728b)
Start importing Assets/lvls/lvl 1.prefab using Guid(189252ac38ac6ca4896b4725d9411f28) Importer(815301076,1909f56bfc062723c751e8b465ee728b)  -> (artifact id: '19823b0778975e3d8d3131d256d8e644') in 0.007785 seconds
  Import took 0.012946 seconds .

========================================================================
Received Import Request.
  Time since last request: 2.424989 seconds.
  path: Assets/lvls/lvl 1.prefab
  artifactKey: Guid(189252ac38ac6ca4896b4725d9411f28) Importer(815301076,1909f56bfc062723c751e8b465ee728b)
Start importing Assets/lvls/lvl 1.prefab using Guid(189252ac38ac6ca4896b4725d9411f28) Importer(815301076,1909f56bfc062723c751e8b465ee728b)  -> (artifact id: 'ea7ff1e4aaede6961c71a358a4ffd919') in 0.008209 seconds
  Import took 0.013387 seconds .

========================================================================
Received Import Request.
  Time since last request: 3.227660 seconds.
  path: Assets/lvls/lvl 1.prefab
  artifactKey: Guid(189252ac38ac6ca4896b4725d9411f28) Importer(815301076,1909f56bfc062723c751e8b465ee728b)
Start importing Assets/lvls/lvl 1.prefab using Guid(189252ac38ac6ca4896b4725d9411f28) Importer(815301076,1909f56bfc062723c751e8b465ee728b)  -> (artifact id: '45e4c49e76740b119d6e979c30222731') in 0.007205 seconds
  Import took 0.013033 seconds .

========================================================================
Received Import Request.
  Time since last request: 10.294064 seconds.
  path: Assets/lvls/lvl 1.prefab
  artifactKey: Guid(189252ac38ac6ca4896b4725d9411f28) Importer(815301076,1909f56bfc062723c751e8b465ee728b)
Start importing Assets/lvls/lvl 1.prefab using Guid(189252ac38ac6ca4896b4725d9411f28) Importer(815301076,1909f56bfc062723c751e8b465ee728b)  -> (artifact id: '433a8f3b0ea998e7d6ce6bdd9c0c343b') in 0.007189 seconds
  Import took 0.013097 seconds .

========================================================================
Received Import Request.
  Time since last request: 18.605715 seconds.
  path: Assets/lvls/lvl 1.prefab
  artifactKey: Guid(189252ac38ac6ca4896b4725d9411f28) Importer(815301076,1909f56bfc062723c751e8b465ee728b)
Start importing Assets/lvls/lvl 1.prefab using Guid(189252ac38ac6ca4896b4725d9411f28) Importer(815301076,1909f56bfc062723c751e8b465ee728b)  -> (artifact id: '8ab4cefcd290d19a2dee74bd4af817d3') in 0.007646 seconds
  Import took 0.013533 seconds .

========================================================================
Received Import Request.
  Time since last request: 1.958821 seconds.
  path: Assets/lvls/lvl 1.prefab
  artifactKey: Guid(189252ac38ac6ca4896b4725d9411f28) Importer(815301076,1909f56bfc062723c751e8b465ee728b)
Start importing Assets/lvls/lvl 1.prefab using Guid(189252ac38ac6ca4896b4725d9411f28) Importer(815301076,1909f56bfc062723c751e8b465ee728b)  -> (artifact id: '2ab967a10208f2d2f395ac2a97f5a148') in 0.007434 seconds
  Import took 0.013389 seconds .

========================================================================
Received Import Request.
  Time since last request: 3.435341 seconds.
  path: Assets/lvls/lvl 1.prefab
  artifactKey: Guid(189252ac38ac6ca4896b4725d9411f28) Importer(815301076,1909f56bfc062723c751e8b465ee728b)
Start importing Assets/lvls/lvl 1.prefab using Guid(189252ac38ac6ca4896b4725d9411f28) Importer(815301076,1909f56bfc062723c751e8b465ee728b)  -> (artifact id: '502817c85bb4bc66ca93f56d19271abe') in 0.008420 seconds
  Import took 0.014431 seconds .

========================================================================
Received Import Request.
  Time since last request: 1.189698 seconds.
  path: Assets/lvls/lvl 1.prefab
  artifactKey: Guid(189252ac38ac6ca4896b4725d9411f28) Importer(815301076,1909f56bfc062723c751e8b465ee728b)
Start importing Assets/lvls/lvl 1.prefab using Guid(189252ac38ac6ca4896b4725d9411f28) Importer(815301076,1909f56bfc062723c751e8b465ee728b)  -> (artifact id: 'e72d91c2c8964d1446c4807a865bee33') in 0.008126 seconds
  Import took 0.014076 seconds .

========================================================================
Received Import Request.
  Time since last request: 4.253396 seconds.
  path: Assets/lvls/lvl 1.prefab
  artifactKey: Guid(189252ac38ac6ca4896b4725d9411f28) Importer(815301076,1909f56bfc062723c751e8b465ee728b)
Start importing Assets/lvls/lvl 1.prefab using Guid(189252ac38ac6ca4896b4725d9411f28) Importer(815301076,1909f56bfc062723c751e8b465ee728b)  -> (artifact id: '8d8a5ebdba79f4d7ab4d3410395811a2') in 0.007907 seconds
  Import took 0.013576 seconds .

========================================================================
Received Import Request.
  Time since last request: 2.445730 seconds.
  path: Assets/lvls/lvl 1.prefab
  artifactKey: Guid(189252ac38ac6ca4896b4725d9411f28) Importer(815301076,1909f56bfc062723c751e8b465ee728b)
Start importing Assets/lvls/lvl 1.prefab using Guid(189252ac38ac6ca4896b4725d9411f28) Importer(815301076,1909f56bfc062723c751e8b465ee728b)  -> (artifact id: 'd9813ace47504839c3a3edf21944890e') in 0.007257 seconds
  Import took 0.013450 seconds .

========================================================================
Received Import Request.
  Time since last request: 14.066718 seconds.
  path: Assets/lvls/lvl 1.prefab
  artifactKey: Guid(189252ac38ac6ca4896b4725d9411f28) Importer(815301076,1909f56bfc062723c751e8b465ee728b)
Start importing Assets/lvls/lvl 1.prefab using Guid(189252ac38ac6ca4896b4725d9411f28) Importer(815301076,1909f56bfc062723c751e8b465ee728b)  -> (artifact id: 'c2a497af0bb9924d137464cce10afd2b') in 0.007225 seconds
  Import took 0.012505 seconds .

========================================================================
Received Import Request.
  Time since last request: 148.946201 seconds.
  path: Assets/lvls/lvl 1.prefab
  artifactKey: Guid(189252ac38ac6ca4896b4725d9411f28) Importer(815301076,1909f56bfc062723c751e8b465ee728b)
Start importing Assets/lvls/lvl 1.prefab using Guid(189252ac38ac6ca4896b4725d9411f28) Importer(815301076,1909f56bfc062723c751e8b465ee728b)  -> (artifact id: '6c3a2d27a700c1d65184493ab1dbad4a') in 0.078897 seconds
  Import took 0.084183 seconds .

========================================================================
Received Import Request.
  Time since last request: 0.003190 seconds.
  path: Assets/lvls/lvl 1.prefab
  artifactKey: Guid(189252ac38ac6ca4896b4725d9411f28) Importer(815301076,1909f56bfc062723c751e8b465ee728b)
Start importing Assets/lvls/lvl 1.prefab using Guid(189252ac38ac6ca4896b4725d9411f28) Importer(815301076,1909f56bfc062723c751e8b465ee728b)  -> (artifact id: '6c3a2d27a700c1d65184493ab1dbad4a') in 0.028333 seconds
  Import took 0.034571 seconds .

========================================================================
Received Import Request.
  Time since last request: 17.555881 seconds.
  path: Assets/lvls/lvl town.prefab
  artifactKey: Guid(b70cfaf55fc0ea74cae710fcb72af2fd) Importer(815301076,1909f56bfc062723c751e8b465ee728b)
Start importing Assets/lvls/lvl town.prefab using Guid(b70cfaf55fc0ea74cae710fcb72af2fd) Importer(815301076,1909f56bfc062723c751e8b465ee728b)  -> (artifact id: 'ace776c87a572c0c99aaf2f381a58340') in 0.013631 seconds
  Import took 0.018406 seconds .

========================================================================
Received Import Request.
  Time since last request: 5.430947 seconds.
  path: Assets/lvls/lvl town.prefab
  artifactKey: Guid(b70cfaf55fc0ea74cae710fcb72af2fd) Importer(815301076,1909f56bfc062723c751e8b465ee728b)
Start importing Assets/lvls/lvl town.prefab using Guid(b70cfaf55fc0ea74cae710fcb72af2fd) Importer(815301076,1909f56bfc062723c751e8b465ee728b)  -> (artifact id: 'c4cb49f29051e2f84510e5622d421528') in 0.030484 seconds
  Import took 0.037375 seconds .

========================================================================
Received Import Request.
  Time since last request: 6.648254 seconds.
  path: Assets/lvls/lvl.unity
  artifactKey: Guid(6c54b370c567b5e4196e10bdc802f14d) Importer(815301076,1909f56bfc062723c751e8b465ee728b)
Start importing Assets/lvls/lvl.unity using Guid(6c54b370c567b5e4196e10bdc802f14d) Importer(815301076,1909f56bfc062723c751e8b465ee728b)  -> (artifact id: '8df500fe389e40b5c429d56b4a446447') in 0.011397 seconds
  Import took 0.015025 seconds .

AssetImportWorkerClient::OnTransportError - code=2 error=End of file
