Using pre-set license
Built from '2020.3/staging' branch; Version is '2020.3.4f1 (0abb6314276a) revision 703331'; Using compiler version '192528614'; Build Type 'Release'
OS: 'Windows 10 Home Single Language; OS build 19042.1110; Version 2009; 64bit' Language: 'en' Physical Memory: 15741 MB
BatchMode: 1, IsHumanControllingUs: 0, StartBugReporterOnCrash: 0, Is64bit: 1, IsPro: 0

 COMMAND LINE ARGUMENTS:
D:\data\Unity\Engines\2020.3.4f1\Editor\Unity.exe
-adb2
-batchMode
-noUpm
-name
AssetImportWorker0
-projectPath
D:/data/Unity/Projects/YetAnotherPlatformer
-logFile
Logs/AssetImportWorker0.log
-srvPort
60739
Successfully changed project path to: D:/data/Unity/Projects/YetAnotherPlatformer
D:/data/Unity/Projects/YetAnotherPlatformer
Using Asset Import Pipeline V2.
Refreshing native plugins compatible for Editor in 36.23 ms, found 1 plugins.
Preloading 0 native plugins for Editor in 0.00 ms.
Initialize engine version: 2020.3.4f1 (0abb6314276a)
[Subsystems] Discovering subsystems at path D:/data/Unity/Engines/2020.3.4f1/Editor/Data/Resources/UnitySubsystems
[Subsystems] Discovering subsystems at path D:/data/Unity/Projects/YetAnotherPlatformer/Assets
GfxDevice: creating device client; threaded=0
Direct3D:
    Version:  Direct3D 11.0 [level 11.1]
    Renderer: AMD Radeon(TM) Graphics (ID=0x1636)
    Vendor:   
    VRAM:     7870 MB
    Driver:   27.20.11022.14001
Initialize mono
Mono path[0] = 'D:/data/Unity/Engines/2020.3.4f1/Editor/Data/Managed'
Mono path[1] = 'D:/data/Unity/Engines/2020.3.4f1/Editor/Data/MonoBleedingEdge/lib/mono/unityjit'
Mono config path = 'D:/data/Unity/Engines/2020.3.4f1/Editor/Data/MonoBleedingEdge/etc'
Using monoOptions --debugger-agent=transport=dt_socket,embedding=1,server=y,suspend=n,address=127.0.0.1:56144
Begin MonoManager ReloadAssembly
Registering precompiled unity dll's ...
Register platform support module: D:/data/Unity/Engines/2020.3.4f1/Editor/Data/PlaybackEngines/WebGLSupport/UnityEditor.WebGL.Extensions.dll
Register platform support module: D:/data/Unity/Engines/2020.3.4f1/Editor/Data/PlaybackEngines/WindowsStandaloneSupport/UnityEditor.WindowsStandalone.Extensions.dll
Registered in 0.001121 seconds.
Native extension for WindowsStandalone target not found
Native extension for WebGL target not found
Refreshing native plugins compatible for Editor in 37.61 ms, found 1 plugins.
Preloading 0 native plugins for Editor in 0.00 ms.
Mono: successfully reloaded assembly
- Completed reload, in  0.817 seconds
Platform modules already initialized, skipping
Registering precompiled user dll's ...
Registered in 0.000879 seconds.
Begin MonoManager ReloadAssembly
Native extension for WindowsStandalone target not found
Native extension for WebGL target not found
Refreshing native plugins compatible for Editor in 37.72 ms, found 1 plugins.
Preloading 0 native plugins for Editor in 0.00 ms.
Mono: successfully reloaded assembly
- Completed reload, in  0.824 seconds
Platform modules already initialized, skipping
========================================================================
Worker process is ready to serve import requests
Launched and connected shader compiler UnityShaderCompiler.exe after 0.04 seconds
Refreshing native plugins compatible for Editor in 0.37 ms, found 1 plugins.
Preloading 0 native plugins for Editor in 0.00 ms.
Unloading 1848 Unused Serialized files (Serialized files now loaded: 0)
System memory in use before: 85.9 MB.
System memory in use after: 85.8 MB.

Unloading 24 unused Assets to reduce memory usage. Loaded Objects now: 2291.
Total: 3.762700 ms (FindLiveObjects: 0.307700 ms CreateObjectMapping: 0.086100 ms MarkObjects: 3.153500 ms  DeleteObjects: 0.213300 ms)

========================================================================
Received Import Request.
  path: Assets/Prefabs/Main Camera.prefab
  artifactKey: Guid(8b9be621013f8f74d98ab3dcc58e0737) Importer(815301076,1909f56bfc062723c751e8b465ee728b)
Start importing Assets/Prefabs/Main Camera.prefab using Guid(8b9be621013f8f74d98ab3dcc58e0737) Importer(815301076,1909f56bfc062723c751e8b465ee728b)  -> (artifact id: 'a85bbc2745713a4b214fcb9f7652a8f0') in 0.070539 seconds
  Import took 0.075354 seconds .

========================================================================
Received Import Request.
  Time since last request: 0.000245 seconds.
  path: Assets/Prefabs/Application.prefab
  artifactKey: Guid(edf9105fb9cf38f4c89e86603cee8392) Importer(815301076,1909f56bfc062723c751e8b465ee728b)
Start importing Assets/Prefabs/Application.prefab using Guid(edf9105fb9cf38f4c89e86603cee8392) Importer(815301076,1909f56bfc062723c751e8b465ee728b)  -> (artifact id: '7d0cb6ef2e536661cd2ef501b072fb22') in 0.016638 seconds
  Import took 0.019646 seconds .

========================================================================
Received Prepare
Registering precompiled user dll's ...
Registered in 0.000726 seconds.
Begin MonoManager ReloadAssembly
Native extension for WindowsStandalone target not found
Native extension for WebGL target not found
Refreshing native plugins compatible for Editor in 0.43 ms, found 1 plugins.
Preloading 0 native plugins for Editor in 0.00 ms.
Mono: successfully reloaded assembly
- Completed reload, in  0.746 seconds
Platform modules already initialized, skipping
Refreshing native plugins compatible for Editor in 0.37 ms, found 1 plugins.
Preloading 0 native plugins for Editor in 0.00 ms.
Unloading 1843 Unused Serialized files (Serialized files now loaded: 0)
System memory in use before: 85.8 MB.
System memory in use after: 85.8 MB.

Unloading 12 unused Assets to reduce memory usage. Loaded Objects now: 2295.
Total: 3.570200 ms (FindLiveObjects: 0.293700 ms CreateObjectMapping: 0.092300 ms MarkObjects: 2.996400 ms  DeleteObjects: 0.185500 ms)

========================================================================
Received Prepare
Registering precompiled user dll's ...
Registered in 0.000854 seconds.
Begin MonoManager ReloadAssembly
Native extension for WindowsStandalone target not found
Native extension for WebGL target not found
Refreshing native plugins compatible for Editor in 0.39 ms, found 1 plugins.
Preloading 0 native plugins for Editor in 0.00 ms.
Mono: successfully reloaded assembly
- Completed reload, in  0.767 seconds
Platform modules already initialized, skipping
Refreshing native plugins compatible for Editor in 0.39 ms, found 1 plugins.
Preloading 0 native plugins for Editor in 0.00 ms.
Unloading 1843 Unused Serialized files (Serialized files now loaded: 0)
System memory in use before: 85.9 MB.
System memory in use after: 85.9 MB.

Unloading 12 unused Assets to reduce memory usage. Loaded Objects now: 2299.
Total: 2.185000 ms (FindLiveObjects: 0.349700 ms CreateObjectMapping: 0.082600 ms MarkObjects: 1.639100 ms  DeleteObjects: 0.112100 ms)

========================================================================
Received Prepare
Registering precompiled user dll's ...
Registered in 0.000760 seconds.
Begin MonoManager ReloadAssembly
Native extension for WindowsStandalone target not found
Native extension for WebGL target not found
Refreshing native plugins compatible for Editor in 0.39 ms, found 1 plugins.
Preloading 0 native plugins for Editor in 0.00 ms.
Mono: successfully reloaded assembly
- Completed reload, in  0.742 seconds
Platform modules already initialized, skipping
Refreshing native plugins compatible for Editor in 0.38 ms, found 1 plugins.
Preloading 0 native plugins for Editor in 0.00 ms.
Unloading 1843 Unused Serialized files (Serialized files now loaded: 0)
System memory in use before: 85.9 MB.
System memory in use after: 85.9 MB.

Unloading 12 unused Assets to reduce memory usage. Loaded Objects now: 2303.
Total: 2.393300 ms (FindLiveObjects: 0.340200 ms CreateObjectMapping: 0.123000 ms MarkObjects: 1.811200 ms  DeleteObjects: 0.116800 ms)

========================================================================
Received Prepare
Registering precompiled user dll's ...
Registered in 0.000729 seconds.
Begin MonoManager ReloadAssembly
Native extension for WindowsStandalone target not found
Native extension for WebGL target not found
Refreshing native plugins compatible for Editor in 0.39 ms, found 1 plugins.
Preloading 0 native plugins for Editor in 0.00 ms.
Mono: successfully reloaded assembly
- Completed reload, in  0.739 seconds
Platform modules already initialized, skipping
Refreshing native plugins compatible for Editor in 0.39 ms, found 1 plugins.
Preloading 0 native plugins for Editor in 0.00 ms.
Unloading 1843 Unused Serialized files (Serialized files now loaded: 0)
System memory in use before: 85.9 MB.
System memory in use after: 85.9 MB.

Unloading 12 unused Assets to reduce memory usage. Loaded Objects now: 2307.
Total: 2.704200 ms (FindLiveObjects: 0.452700 ms CreateObjectMapping: 0.133600 ms MarkObjects: 1.999500 ms  DeleteObjects: 0.116500 ms)

========================================================================
Received Prepare
Registering precompiled user dll's ...
Registered in 0.000708 seconds.
Begin MonoManager ReloadAssembly
Native extension for WindowsStandalone target not found
Native extension for WebGL target not found
Refreshing native plugins compatible for Editor in 0.40 ms, found 1 plugins.
Preloading 0 native plugins for Editor in 0.00 ms.
Mono: successfully reloaded assembly
- Completed reload, in  0.759 seconds
Platform modules already initialized, skipping
Refreshing native plugins compatible for Editor in 0.38 ms, found 1 plugins.
Preloading 0 native plugins for Editor in 0.00 ms.
Unloading 1843 Unused Serialized files (Serialized files now loaded: 0)
System memory in use before: 85.9 MB.
System memory in use after: 85.9 MB.

Unloading 12 unused Assets to reduce memory usage. Loaded Objects now: 2311.
Total: 2.276400 ms (FindLiveObjects: 0.273100 ms CreateObjectMapping: 0.084300 ms MarkObjects: 1.801900 ms  DeleteObjects: 0.115400 ms)

========================================================================
Received Import Request.
  Time since last request: 223.899341 seconds.
  path: Assets/Scenes/lvl 1.unity
  artifactKey: Guid(b158b1f263aad9f4c902f6284a2948fc) Importer(815301076,1909f56bfc062723c751e8b465ee728b)
Start importing Assets/Scenes/lvl 1.unity using Guid(b158b1f263aad9f4c902f6284a2948fc) Importer(815301076,1909f56bfc062723c751e8b465ee728b)  -> (artifact id: '454fe0b2113cbdeae8020662c885c4c0') in 0.016639 seconds
  Import took 0.020189 seconds .

========================================================================
Received Prepare
Registering precompiled user dll's ...
Registered in 0.000764 seconds.
Begin MonoManager ReloadAssembly
Native extension for WindowsStandalone target not found
Native extension for WebGL target not found
Refreshing native plugins compatible for Editor in 0.38 ms, found 1 plugins.
Preloading 0 native plugins for Editor in 0.00 ms.
Mono: successfully reloaded assembly
- Completed reload, in  0.731 seconds
Platform modules already initialized, skipping
Refreshing native plugins compatible for Editor in 0.39 ms, found 1 plugins.
Preloading 0 native plugins for Editor in 0.00 ms.
Unloading 1843 Unused Serialized files (Serialized files now loaded: 0)
System memory in use before: 85.9 MB.
System memory in use after: 85.9 MB.

Unloading 12 unused Assets to reduce memory usage. Loaded Objects now: 2315.
Total: 2.535300 ms (FindLiveObjects: 0.251000 ms CreateObjectMapping: 0.043700 ms MarkObjects: 2.127100 ms  DeleteObjects: 0.112000 ms)

========================================================================
Received Import Request.
  Time since last request: 130.439388 seconds.
  path: Assets/Scenes/town.unity
  artifactKey: Guid(d6000d9b95f3eef42b3a7bc3be87c7f7) Importer(815301076,1909f56bfc062723c751e8b465ee728b)
Start importing Assets/Scenes/town.unity using Guid(d6000d9b95f3eef42b3a7bc3be87c7f7) Importer(815301076,1909f56bfc062723c751e8b465ee728b)  -> (artifact id: '39e8d29493a901c6e20c33d712915ba7') in 0.015514 seconds
  Import took 0.018548 seconds .

========================================================================
Received Prepare
Registering precompiled user dll's ...
Registered in 0.000725 seconds.
Begin MonoManager ReloadAssembly
Native extension for WindowsStandalone target not found
Native extension for WebGL target not found
Refreshing native plugins compatible for Editor in 0.39 ms, found 1 plugins.
Preloading 0 native plugins for Editor in 0.00 ms.
Mono: successfully reloaded assembly
- Completed reload, in  0.752 seconds
Platform modules already initialized, skipping
Refreshing native plugins compatible for Editor in 0.39 ms, found 1 plugins.
Preloading 0 native plugins for Editor in 0.00 ms.
Unloading 1844 Unused Serialized files (Serialized files now loaded: 0)
System memory in use before: 86.0 MB.
System memory in use after: 86.0 MB.

Unloading 12 unused Assets to reduce memory usage. Loaded Objects now: 2320.
Total: 2.751100 ms (FindLiveObjects: 0.348400 ms CreateObjectMapping: 0.094400 ms MarkObjects: 2.186700 ms  DeleteObjects: 0.119800 ms)

========================================================================
Received Prepare
Registering precompiled user dll's ...
Registered in 0.000747 seconds.
Begin MonoManager ReloadAssembly
Native extension for WindowsStandalone target not found
Native extension for WebGL target not found
Refreshing native plugins compatible for Editor in 0.39 ms, found 1 plugins.
Preloading 0 native plugins for Editor in 0.00 ms.
Mono: successfully reloaded assembly
- Completed reload, in  0.752 seconds
Platform modules already initialized, skipping
Refreshing native plugins compatible for Editor in 0.38 ms, found 1 plugins.
Preloading 0 native plugins for Editor in 0.00 ms.
Unloading 1844 Unused Serialized files (Serialized files now loaded: 0)
System memory in use before: 86.0 MB.
System memory in use after: 86.0 MB.

Unloading 12 unused Assets to reduce memory usage. Loaded Objects now: 2324.
Total: 2.653300 ms (FindLiveObjects: 0.460500 ms CreateObjectMapping: 0.141400 ms MarkObjects: 1.930500 ms  DeleteObjects: 0.119200 ms)

========================================================================
Received Prepare
Registering precompiled user dll's ...
Registered in 0.000753 seconds.
Begin MonoManager ReloadAssembly
Native extension for WindowsStandalone target not found
Native extension for WebGL target not found
Refreshing native plugins compatible for Editor in 0.39 ms, found 1 plugins.
Preloading 0 native plugins for Editor in 0.00 ms.
Mono: successfully reloaded assembly
- Completed reload, in  0.742 seconds
Platform modules already initialized, skipping
Refreshing native plugins compatible for Editor in 0.54 ms, found 1 plugins.
Preloading 0 native plugins for Editor in 0.00 ms.
Unloading 1844 Unused Serialized files (Serialized files now loaded: 0)
System memory in use before: 86.0 MB.
System memory in use after: 86.0 MB.

Unloading 12 unused Assets to reduce memory usage. Loaded Objects now: 2328.
Total: 3.020600 ms (FindLiveObjects: 0.361000 ms CreateObjectMapping: 0.108900 ms MarkObjects: 2.429700 ms  DeleteObjects: 0.118700 ms)

========================================================================
Received Prepare
Registering precompiled user dll's ...
Registered in 0.001068 seconds.
Begin MonoManager ReloadAssembly
Native extension for WindowsStandalone target not found
Native extension for WebGL target not found
Refreshing native plugins compatible for Editor in 0.51 ms, found 1 plugins.
Preloading 0 native plugins for Editor in 0.00 ms.
Mono: successfully reloaded assembly
- Completed reload, in  0.737 seconds
Platform modules already initialized, skipping
Refreshing native plugins compatible for Editor in 0.38 ms, found 1 plugins.
Preloading 0 native plugins for Editor in 0.00 ms.
Unloading 1844 Unused Serialized files (Serialized files now loaded: 0)
System memory in use before: 86.0 MB.
System memory in use after: 86.0 MB.

Unloading 12 unused Assets to reduce memory usage. Loaded Objects now: 2332.
Total: 3.124900 ms (FindLiveObjects: 0.356200 ms CreateObjectMapping: 0.115200 ms MarkObjects: 2.531600 ms  DeleteObjects: 0.119900 ms)

========================================================================
Received Prepare
Registering precompiled user dll's ...
Registered in 0.000875 seconds.
Begin MonoManager ReloadAssembly
Native extension for WindowsStandalone target not found
Native extension for WebGL target not found
Refreshing native plugins compatible for Editor in 0.38 ms, found 1 plugins.
Preloading 0 native plugins for Editor in 0.00 ms.
Mono: successfully reloaded assembly
- Completed reload, in  0.750 seconds
Platform modules already initialized, skipping
Refreshing native plugins compatible for Editor in 0.38 ms, found 1 plugins.
Preloading 0 native plugins for Editor in 0.00 ms.
Unloading 1844 Unused Serialized files (Serialized files now loaded: 0)
System memory in use before: 86.0 MB.
System memory in use after: 86.0 MB.

Unloading 12 unused Assets to reduce memory usage. Loaded Objects now: 2336.
Total: 2.496900 ms (FindLiveObjects: 0.279600 ms CreateObjectMapping: 0.085000 ms MarkObjects: 2.009500 ms  DeleteObjects: 0.120700 ms)

========================================================================
Received Prepare
Registering precompiled user dll's ...
Registered in 0.000730 seconds.
Begin MonoManager ReloadAssembly
Native extension for WindowsStandalone target not found
Native extension for WebGL target not found
Refreshing native plugins compatible for Editor in 0.41 ms, found 1 plugins.
Preloading 0 native plugins for Editor in 0.00 ms.
Mono: successfully reloaded assembly
- Completed reload, in  0.727 seconds
Platform modules already initialized, skipping
Refreshing native plugins compatible for Editor in 0.41 ms, found 1 plugins.
Preloading 0 native plugins for Editor in 0.00 ms.
Unloading 1844 Unused Serialized files (Serialized files now loaded: 0)
System memory in use before: 86.0 MB.
System memory in use after: 86.0 MB.

Unloading 12 unused Assets to reduce memory usage. Loaded Objects now: 2340.
Total: 2.305800 ms (FindLiveObjects: 0.319600 ms CreateObjectMapping: 0.120200 ms MarkObjects: 1.748300 ms  DeleteObjects: 0.116200 ms)

========================================================================
Received Prepare
Registering precompiled user dll's ...
Registered in 0.000737 seconds.
Begin MonoManager ReloadAssembly
Native extension for WindowsStandalone target not found
Native extension for WebGL target not found
Refreshing native plugins compatible for Editor in 0.42 ms, found 1 plugins.
Preloading 0 native plugins for Editor in 0.00 ms.
Mono: successfully reloaded assembly
- Completed reload, in  0.788 seconds
Platform modules already initialized, skipping
Refreshing native plugins compatible for Editor in 0.47 ms, found 1 plugins.
Preloading 0 native plugins for Editor in 0.00 ms.
Unloading 1844 Unused Serialized files (Serialized files now loaded: 0)
System memory in use before: 86.0 MB.
System memory in use after: 86.0 MB.

Unloading 12 unused Assets to reduce memory usage. Loaded Objects now: 2344.
Total: 2.252600 ms (FindLiveObjects: 0.265000 ms CreateObjectMapping: 0.085800 ms MarkObjects: 1.785500 ms  DeleteObjects: 0.115100 ms)

========================================================================
Received Prepare
Registering precompiled user dll's ...
Registered in 0.000739 seconds.
Begin MonoManager ReloadAssembly
Native extension for WindowsStandalone target not found
Native extension for WebGL target not found
Refreshing native plugins compatible for Editor in 0.38 ms, found 1 plugins.
Preloading 0 native plugins for Editor in 0.00 ms.
Mono: successfully reloaded assembly
- Completed reload, in  0.744 seconds
Platform modules already initialized, skipping
Refreshing native plugins compatible for Editor in 0.38 ms, found 1 plugins.
Preloading 0 native plugins for Editor in 0.00 ms.
Unloading 1844 Unused Serialized files (Serialized files now loaded: 0)
System memory in use before: 86.0 MB.
System memory in use after: 86.0 MB.

Unloading 12 unused Assets to reduce memory usage. Loaded Objects now: 2348.
Total: 3.007700 ms (FindLiveObjects: 0.314900 ms CreateObjectMapping: 0.113900 ms MarkObjects: 2.456400 ms  DeleteObjects: 0.121200 ms)

========================================================================
Received Prepare
Registering precompiled user dll's ...
Registered in 0.000750 seconds.
Begin MonoManager ReloadAssembly
Native extension for WindowsStandalone target not found
Native extension for WebGL target not found
Refreshing native plugins compatible for Editor in 0.39 ms, found 1 plugins.
Preloading 0 native plugins for Editor in 0.00 ms.
Mono: successfully reloaded assembly
- Completed reload, in  0.721 seconds
Platform modules already initialized, skipping
Refreshing native plugins compatible for Editor in 0.40 ms, found 1 plugins.
Preloading 0 native plugins for Editor in 0.00 ms.
Unloading 1844 Unused Serialized files (Serialized files now loaded: 0)
System memory in use before: 86.1 MB.
System memory in use after: 86.0 MB.

Unloading 12 unused Assets to reduce memory usage. Loaded Objects now: 2352.
Total: 2.254300 ms (FindLiveObjects: 0.366500 ms CreateObjectMapping: 0.115700 ms MarkObjects: 1.655800 ms  DeleteObjects: 0.114600 ms)

========================================================================
Received Import Request.
  Time since last request: 1552.687735 seconds.
  path: Assets/Scenes/town.unity
  artifactKey: Guid(d6000d9b95f3eef42b3a7bc3be87c7f7) Importer(815301076,1909f56bfc062723c751e8b465ee728b)
Start importing Assets/Scenes/town.unity using Guid(d6000d9b95f3eef42b3a7bc3be87c7f7) Importer(815301076,1909f56bfc062723c751e8b465ee728b)  -> (artifact id: 'd66f67b40c5823b0da00f7ce3dee5184') in 0.014536 seconds
  Import took 0.018759 seconds .

========================================================================
Received Import Request.
  Time since last request: 0.000214 seconds.
  path: Assets/Scenes/lvl 1.unity
  artifactKey: Guid(b158b1f263aad9f4c902f6284a2948fc) Importer(815301076,1909f56bfc062723c751e8b465ee728b)
Start importing Assets/Scenes/lvl 1.unity using Guid(b158b1f263aad9f4c902f6284a2948fc) Importer(815301076,1909f56bfc062723c751e8b465ee728b)  -> (artifact id: 'd51dbef958aedae2e9c90464fab64632') in 0.007778 seconds
  Import took 0.010836 seconds .

========================================================================
Received Import Request.
  Time since last request: 1.921860 seconds.
  path: Assets/lvls/lvl 1.prefab
  artifactKey: Guid(189252ac38ac6ca4896b4725d9411f28) Importer(815301076,1909f56bfc062723c751e8b465ee728b)
Start importing Assets/lvls/lvl 1.prefab using Guid(189252ac38ac6ca4896b4725d9411f28) Importer(815301076,1909f56bfc062723c751e8b465ee728b)  -> (artifact id: 'dec857015a44473c20ec8199b1a2ccee') in 0.080928 seconds
  Import took 0.085316 seconds .

========================================================================
Received Import Request.
  Time since last request: 0.000214 seconds.
  path: Assets/lvls/lvl town.prefab
  artifactKey: Guid(b70cfaf55fc0ea74cae710fcb72af2fd) Importer(815301076,1909f56bfc062723c751e8b465ee728b)
Start importing Assets/lvls/lvl town.prefab using Guid(b70cfaf55fc0ea74cae710fcb72af2fd) Importer(815301076,1909f56bfc062723c751e8b465ee728b)  -> (artifact id: '85fc6051ac692d475d5e72601e7d6670') in 0.009321 seconds
  Import took 0.012562 seconds .

========================================================================
Received Import Request.
  Time since last request: 1.431109 seconds.
  path: Assets/Prefabs/Application.prefab
  artifactKey: Guid(edf9105fb9cf38f4c89e86603cee8392) Importer(815301076,1909f56bfc062723c751e8b465ee728b)
Start importing Assets/Prefabs/Application.prefab using Guid(edf9105fb9cf38f4c89e86603cee8392) Importer(815301076,1909f56bfc062723c751e8b465ee728b)  -> (artifact id: 'f625bea0a39040b00ca55c0048c21681') in 0.010486 seconds
  Import took 0.013690 seconds .

========================================================================
Received Import Request.
  Time since last request: 129.175444 seconds.
  path: Assets/lvls/lvl 1.prefab
  artifactKey: Guid(189252ac38ac6ca4896b4725d9411f28) Importer(815301076,1909f56bfc062723c751e8b465ee728b)
Start importing Assets/lvls/lvl 1.prefab using Guid(189252ac38ac6ca4896b4725d9411f28) Importer(815301076,1909f56bfc062723c751e8b465ee728b)  -> (artifact id: '8b8a6ccca2b1ef674af88ef76c43b5fe') in 0.026207 seconds
  Import took 0.030172 seconds .

========================================================================
Received Import Request.
  Time since last request: 7.632345 seconds.
  path: Assets/lvls/lvl town.prefab
  artifactKey: Guid(b70cfaf55fc0ea74cae710fcb72af2fd) Importer(815301076,1909f56bfc062723c751e8b465ee728b)
Start importing Assets/lvls/lvl town.prefab using Guid(b70cfaf55fc0ea74cae710fcb72af2fd) Importer(815301076,1909f56bfc062723c751e8b465ee728b)  -> (artifact id: '4145e0323d06dd5f3617644b945860c5') in 0.022015 seconds
  Import took 0.026475 seconds .

========================================================================
Received Import Request.
  Time since last request: 8.093628 seconds.
  path: Assets/lvls/lvl town.prefab
  artifactKey: Guid(b70cfaf55fc0ea74cae710fcb72af2fd) Importer(815301076,1909f56bfc062723c751e8b465ee728b)
Start importing Assets/lvls/lvl town.prefab using Guid(b70cfaf55fc0ea74cae710fcb72af2fd) Importer(815301076,1909f56bfc062723c751e8b465ee728b)  -> (artifact id: 'fa7eb6de20cac7bcd2486b4d51aa3477') in 0.020305 seconds
  Import took 0.023909 seconds .

========================================================================
Received Import Request.
  Time since last request: 6.599088 seconds.
  path: Assets/lvls/lvl town.prefab
  artifactKey: Guid(b70cfaf55fc0ea74cae710fcb72af2fd) Importer(815301076,1909f56bfc062723c751e8b465ee728b)
Start importing Assets/lvls/lvl town.prefab using Guid(b70cfaf55fc0ea74cae710fcb72af2fd) Importer(815301076,1909f56bfc062723c751e8b465ee728b)  -> (artifact id: '59dd2cb988ec7483ef26fe10b30d1a54') in 0.020635 seconds
  Import took 0.024636 seconds .

========================================================================
Received Import Request.
  Time since last request: 5.028618 seconds.
  path: Assets/lvls/lvl town.prefab
  artifactKey: Guid(b70cfaf55fc0ea74cae710fcb72af2fd) Importer(815301076,1909f56bfc062723c751e8b465ee728b)
Start importing Assets/lvls/lvl town.prefab using Guid(b70cfaf55fc0ea74cae710fcb72af2fd) Importer(815301076,1909f56bfc062723c751e8b465ee728b)  -> (artifact id: '54d83303416de4a9917258023eea7fe8') in 0.020276 seconds
  Import took 0.023883 seconds .

========================================================================
Received Import Request.
  Time since last request: 3.229559 seconds.
  path: Assets/lvls/lvl town.prefab
  artifactKey: Guid(b70cfaf55fc0ea74cae710fcb72af2fd) Importer(815301076,1909f56bfc062723c751e8b465ee728b)
Start importing Assets/lvls/lvl town.prefab using Guid(b70cfaf55fc0ea74cae710fcb72af2fd) Importer(815301076,1909f56bfc062723c751e8b465ee728b)  -> (artifact id: 'b4fda8eca9e24f73c7b1ac41ef04179c') in 0.020539 seconds
  Import took 0.024972 seconds .

========================================================================
Received Import Request.
  Time since last request: 8.227253 seconds.
  path: Assets/lvls/lvl town.prefab
  artifactKey: Guid(b70cfaf55fc0ea74cae710fcb72af2fd) Importer(815301076,1909f56bfc062723c751e8b465ee728b)
Start importing Assets/lvls/lvl town.prefab using Guid(b70cfaf55fc0ea74cae710fcb72af2fd) Importer(815301076,1909f56bfc062723c751e8b465ee728b)  -> (artifact id: '3f0399a9240a72797ace50cb93a739e5') in 0.021684 seconds
  Import took 0.025368 seconds .

========================================================================
Received Import Request.
  Time since last request: 2.189785 seconds.
  path: Assets/lvls/lvl town.prefab
  artifactKey: Guid(b70cfaf55fc0ea74cae710fcb72af2fd) Importer(815301076,1909f56bfc062723c751e8b465ee728b)
Start importing Assets/lvls/lvl town.prefab using Guid(b70cfaf55fc0ea74cae710fcb72af2fd) Importer(815301076,1909f56bfc062723c751e8b465ee728b)  -> (artifact id: '44c1efc38b84863e6f095316bfed513f') in 0.020676 seconds
  Import took 0.024815 seconds .

========================================================================
Received Prepare
Registering precompiled user dll's ...
Registered in 0.000752 seconds.
Begin MonoManager ReloadAssembly
Native extension for WindowsStandalone target not found
Native extension for WebGL target not found
Refreshing native plugins compatible for Editor in 0.38 ms, found 1 plugins.
Preloading 0 native plugins for Editor in 0.00 ms.
Mono: successfully reloaded assembly
- Completed reload, in  0.710 seconds
Platform modules already initialized, skipping
Refreshing native plugins compatible for Editor in 0.39 ms, found 1 plugins.
Preloading 0 native plugins for Editor in 0.00 ms.
Unloading 1844 Unused Serialized files (Serialized files now loaded: 0)
System memory in use before: 89.5 MB.
System memory in use after: 89.5 MB.

Unloading 12 unused Assets to reduce memory usage. Loaded Objects now: 2363.
Total: 2.615200 ms (FindLiveObjects: 0.280600 ms CreateObjectMapping: 0.091600 ms MarkObjects: 2.129300 ms  DeleteObjects: 0.111900 ms)

========================================================================
Received Prepare
Registering precompiled user dll's ...
Registered in 0.000771 seconds.
Begin MonoManager ReloadAssembly
Native extension for WindowsStandalone target not found
Native extension for WebGL target not found
Refreshing native plugins compatible for Editor in 0.43 ms, found 1 plugins.
Preloading 0 native plugins for Editor in 0.00 ms.
Mono: successfully reloaded assembly
- Completed reload, in  0.732 seconds
Platform modules already initialized, skipping
Refreshing native plugins compatible for Editor in 0.40 ms, found 1 plugins.
Preloading 0 native plugins for Editor in 0.00 ms.
Unloading 1844 Unused Serialized files (Serialized files now loaded: 0)
System memory in use before: 89.5 MB.
System memory in use after: 89.5 MB.

Unloading 12 unused Assets to reduce memory usage. Loaded Objects now: 2367.
Total: 3.879500 ms (FindLiveObjects: 0.396600 ms CreateObjectMapping: 0.129500 ms MarkObjects: 3.179900 ms  DeleteObjects: 0.171600 ms)

========================================================================
Received Prepare
Registering precompiled user dll's ...
Registered in 0.000747 seconds.
Begin MonoManager ReloadAssembly
Native extension for WindowsStandalone target not found
Native extension for WebGL target not found
Refreshing native plugins compatible for Editor in 0.39 ms, found 1 plugins.
Preloading 0 native plugins for Editor in 0.00 ms.
Mono: successfully reloaded assembly
- Completed reload, in  0.715 seconds
Platform modules already initialized, skipping
Refreshing native plugins compatible for Editor in 0.38 ms, found 1 plugins.
Preloading 0 native plugins for Editor in 0.00 ms.
Unloading 1844 Unused Serialized files (Serialized files now loaded: 0)
System memory in use before: 89.5 MB.
System memory in use after: 89.5 MB.

Unloading 12 unused Assets to reduce memory usage. Loaded Objects now: 2371.
Total: 3.071300 ms (FindLiveObjects: 0.369000 ms CreateObjectMapping: 0.117900 ms MarkObjects: 2.464800 ms  DeleteObjects: 0.118000 ms)

========================================================================
Received Prepare
Registering precompiled user dll's ...
Registered in 0.000774 seconds.
Begin MonoManager ReloadAssembly
Native extension for WindowsStandalone target not found
Native extension for WebGL target not found
Refreshing native plugins compatible for Editor in 0.39 ms, found 1 plugins.
Preloading 0 native plugins for Editor in 0.00 ms.
Mono: successfully reloaded assembly
- Completed reload, in  0.738 seconds
Platform modules already initialized, skipping
Refreshing native plugins compatible for Editor in 0.40 ms, found 1 plugins.
Preloading 0 native plugins for Editor in 0.00 ms.
Unloading 1844 Unused Serialized files (Serialized files now loaded: 0)
System memory in use before: 89.5 MB.
System memory in use after: 89.5 MB.

Unloading 12 unused Assets to reduce memory usage. Loaded Objects now: 2375.
Total: 2.324400 ms (FindLiveObjects: 0.267900 ms CreateObjectMapping: 0.086300 ms MarkObjects: 1.849000 ms  DeleteObjects: 0.119700 ms)

========================================================================
Received Prepare
Registering precompiled user dll's ...
Registered in 0.000727 seconds.
Begin MonoManager ReloadAssembly
Native extension for WindowsStandalone target not found
Native extension for WebGL target not found
Refreshing native plugins compatible for Editor in 0.39 ms, found 1 plugins.
Preloading 0 native plugins for Editor in 0.00 ms.
Mono: successfully reloaded assembly
- Completed reload, in  0.737 seconds
Platform modules already initialized, skipping
Refreshing native plugins compatible for Editor in 0.40 ms, found 1 plugins.
Preloading 0 native plugins for Editor in 0.00 ms.
Unloading 1844 Unused Serialized files (Serialized files now loaded: 0)
System memory in use before: 89.6 MB.
System memory in use after: 89.5 MB.

Unloading 12 unused Assets to reduce memory usage. Loaded Objects now: 2379.
Total: 2.260400 ms (FindLiveObjects: 0.216900 ms CreateObjectMapping: 0.049700 ms MarkObjects: 1.820800 ms  DeleteObjects: 0.171700 ms)

========================================================================
Received Prepare
Registering precompiled user dll's ...
Registered in 0.001006 seconds.
Begin MonoManager ReloadAssembly
Native extension for WindowsStandalone target not found
Native extension for WebGL target not found
Refreshing native plugins compatible for Editor in 0.40 ms, found 1 plugins.
Preloading 0 native plugins for Editor in 0.00 ms.
Mono: successfully reloaded assembly
- Completed reload, in  0.755 seconds
Platform modules already initialized, skipping
Refreshing native plugins compatible for Editor in 0.38 ms, found 1 plugins.
Preloading 0 native plugins for Editor in 0.00 ms.
Unloading 1844 Unused Serialized files (Serialized files now loaded: 0)
System memory in use before: 89.6 MB.
System memory in use after: 89.5 MB.

Unloading 12 unused Assets to reduce memory usage. Loaded Objects now: 2383.
Total: 2.769200 ms (FindLiveObjects: 0.313600 ms CreateObjectMapping: 0.057500 ms MarkObjects: 2.275400 ms  DeleteObjects: 0.121600 ms)

